#-----------------------------------------------------------
# Vivado v2022.2 (64-bit)
# SW Build 3671981 on Fri Oct 14 04:59:54 MDT 2022
# IP Build 3669848 on Fri Oct 14 08:30:02 MDT 2022
# Start of session at: Mon Jan  9 14:36:47 2023
# Process ID: 12232
# Current directory: /home/titan/jo/WORK/RISC-V
# Command line: vivado
# Log file: /home/titan/jo/WORK/RISC-V/vivado.log
# Journal file: /home/titan/jo/WORK/RISC-V/vivado.jou
# Running On: saturn, OS: Linux, CPU Frequency: 1212.124 MHz, CPU Physical cores: 16, Host memory: 135114 MB
#-----------------------------------------------------------
start_gui
WARNING: [Board 49-26] cannot add Board Part xilinx.com:vek280_es:part0:1.0 available at /usr/local/packages/xilinx/Vivado/2022.2/data/xhub/boards/XilinxBoardStore/boards/Xilinx/vek280/es/1.0/board.xml as part xcve2802-vsvh1760-2lp-e-s-es1 specified in board_part file is either invalid or not available
WARNING: [Board 49-26] cannot add Board Part xilinx.com:vhk158_es:part0:1.0 available at /usr/local/packages/xilinx/Vivado/2022.2/data/xhub/boards/XilinxBoardStore/boards/Xilinx/vhk158/es/1.0/board.xml as part xcvh1582-vsva3697-2mp-e-s-es1 specified in board_part file is either invalid or not available
WARNING: [Board 49-26] cannot add Board Part xilinx.com:vpk120_es:part0:1.2 available at /usr/local/packages/xilinx/Vivado/2022.2/data/xhub/boards/XilinxBoardStore/boards/Xilinx/vpk120/es/1.2/board.xml as part xcvp1202-vsva2785-2mp-e-s-es1 specified in board_part file is either invalid or not available
WARNING: [Board 49-26] cannot add Board Part xilinx.com:vpk120_es_revb:part0:1.0 available at /usr/local/packages/xilinx/Vivado/2022.2/data/xhub/boards/XilinxBoardStore/boards/Xilinx/vpk120_revb/es/1.0/board.xml as part xcvp1202-vsva2785-2mp-e-s-es1 specified in board_part file is either invalid or not available
WARNING: [Board 49-26] cannot add Board Part xilinx.com:vpk180_es:part0:1.0 available at /usr/local/packages/xilinx/Vivado/2022.2/data/xhub/boards/XilinxBoardStore/boards/Xilinx/vpk180/es/1.0/board.xml as part xcvp1802-lsvc4072-2mp-e-s-es1 specified in board_part file is either invalid or not available
WARNING: [Board 49-26] cannot add Board Part xilinx.com:zcu208ld:part0:2.0 available at /usr/local/packages/xilinx/Vivado/2022.2/data/xhub/boards/XilinxBoardStore/boards/Xilinx/zcu208ld/production/2.0/board.xml as part xczu58dr-fsvg1517-2-i specified in board_part file is either invalid or not available
WARNING: [Board 49-26] cannot add Board Part xilinx.com:zcu216ld:part0:2.0 available at /usr/local/packages/xilinx/Vivado/2022.2/data/xhub/boards/XilinxBoardStore/boards/Xilinx/zcu216ld/production/2.0/board.xml as part xczu59dr-ffvf1760-2-i specified in board_part file is either invalid or not available
WARNING: [Board 49-26] cannot add Board Part xilinx.com:zcu670:part0:2.0 available at /usr/local/packages/xilinx/Vivado/2022.2/data/xhub/boards/XilinxBoardStore/boards/Xilinx/zcu670/2.0/board.xml as part xczu67dr-fsve1156-2-i specified in board_part file is either invalid or not available
WARNING: [Board 49-26] cannot add Board Part xilinx.com:zcu670ld:part0:1.0 available at /usr/local/packages/xilinx/Vivado/2022.2/data/xhub/boards/XilinxBoardStore/boards/Xilinx/zcu670ld/1.0/board.xml as part xczu57dr-fsve1156-2-i specified in board_part file is either invalid or not available
open_project /home/titan/jo/WORK/RISC-V/simple_RISC-V.xpr
Scanning sources...
Finished scanning sources
INFO: [IP_Flow 19-234] Refreshing IP repositories
INFO: [IP_Flow 19-1704] No user IP repositories specified
INFO: [IP_Flow 19-2313] Loaded Vivado IP repository '/usr/local/packages/xilinx/Vivado/2022.2/data/ip'.
open_project: Time (s): cpu = 00:00:18 ; elapsed = 00:00:06 . Memory (MB): peak = 6993.191 ; gain = 110.082 ; free physical = 2506 ; free virtual = 113726
update_compile_order -fileset sources_1
launch_simulation
Command: launch_simulation 
INFO: [Vivado 12-12493] Simulation top is 'tb'
WARNING: [Vivado 12-13277] Compiled library path does not exist: ''
INFO: [Vivado 12-5698] Checking validity of IPs in the design for the 'XSim' simulator...
INFO: [Vivado 12-5682] Launching behavioral simulation in '/home/titan/jo/WORK/RISC-V/simple_RISC-V.sim/sim_1/behav/xsim'
INFO: [Vivado 12-4795] Using compiled simulation libraries for IPs
INFO: [SIM-utils-51] Simulation object is 'sim_1'
INFO: [SIM-utils-72] Using boost library from '/usr/local/packages/xilinx/Vivado/2022.2/tps/boost_1_72_0'
INFO: [USF-XSim-7] Finding pre-compiled libraries...
INFO: [USF-XSim-11] File '/usr/local/packages/xilinx/Vivado/2022.2/data/xsim/xsim.ini' copied to run dir:'/home/titan/jo/WORK/RISC-V/simple_RISC-V.sim/sim_1/behav/xsim'
INFO: [SIM-utils-54] Inspecting design source files for 'tb' in fileset 'sim_1'...
INFO: [SIM-utils-43] Exported '/home/titan/jo/WORK/RISC-V/simple_RISC-V.sim/sim_1/behav/xsim/IM.mif'
INFO: [SIM-utils-43] Exported '/home/titan/jo/WORK/RISC-V/simple_RISC-V.sim/sim_1/behav/xsim/ROM.coe'
INFO: [USF-XSim-97] Finding global include files...
INFO: [USF-XSim-98] Fetching design files from 'sim_1'...
INFO: [USF-XSim-2] XSim::Compile design
INFO: [USF-XSim-61] Executing 'COMPILE and ANALYZE' step in '/home/titan/jo/WORK/RISC-V/simple_RISC-V.sim/sim_1/behav/xsim'
xvlog --incr --relax -prj tb_vlog.prj
INFO: [VRFC 10-2263] Analyzing Verilog file "/home/titan/jo/WORK/RISC-V/simple_RISC-V.ip_user_files/ip/IM/sim/IM.v" into library xil_defaultlib
INFO: [VRFC 10-311] analyzing module IM
INFO: [VRFC 10-2263] Analyzing Verilog file "/home/titan/jo/WORK/RISC-V/Program_Counter.v" into library xil_defaultlib
INFO: [VRFC 10-311] analyzing module Program_Counter
INFO: [VRFC 10-2263] Analyzing Verilog file "/home/titan/jo/WORK/RISC-V/simple_RISC-V.srcs/sources_1/new/simple_RISC.v" into library xil_defaultlib
INFO: [VRFC 10-311] analyzing module simple_RISC
INFO: [VRFC 10-2263] Analyzing Verilog file "/home/titan/jo/WORK/RISC-V/simple_RISC-V.srcs/sim_1/new/tb.v" into library xil_defaultlib
INFO: [VRFC 10-311] analyzing module tb
Waiting for jobs to finish...
No pending jobs, compilation finished.
INFO: [USF-XSim-69] 'compile' step finished in '3' seconds
INFO: [USF-XSim-3] XSim::Elaborate design
INFO: [USF-XSim-61] Executing 'ELABORATE' step in '/home/titan/jo/WORK/RISC-V/simple_RISC-V.sim/sim_1/behav/xsim'
xelab --incr --debug typical --relax --mt 8 -L xil_defaultlib -L blk_mem_gen_v8_4_5 -L unisims_ver -L unimacro_ver -L secureip -L xpm --snapshot tb_behav xil_defaultlib.tb xil_defaultlib.glbl -log elaborate.log
Vivado Simulator v2022.2
Copyright 1986-1999, 2001-2022 Xilinx, Inc. All Rights Reserved.
Running: /usr/local/packages/xilinx/Vivado/2022.2/bin/unwrapped/lnx64.o/xelab --incr --debug typical --relax --mt 8 -L xil_defaultlib -L blk_mem_gen_v8_4_5 -L unisims_ver -L unimacro_ver -L secureip -L xpm --snapshot tb_behav xil_defaultlib.tb xil_defaultlib.glbl -log elaborate.log 
Using 8 slave threads.
Starting static elaboration
Pass Through NonSizing Optimizer
WARNING: [VRFC 10-3091] actual bit length 32 differs from formal bit length 1 for port 'ena' [/home/titan/jo/WORK/RISC-V/simple_RISC-V.srcs/sources_1/new/simple_RISC.v:33]
Completed static elaboration
Starting simulation data flow analysis
Completed simulation data flow analysis
Time Resolution for simulation is 1ps
Compiling module xil_defaultlib.Program_Counter
Compiling module blk_mem_gen_v8_4_5.blk_mem_gen_v8_4_5_output_stage(...
Compiling module blk_mem_gen_v8_4_5.blk_mem_gen_v8_4_5_output_stage(...
Compiling module blk_mem_gen_v8_4_5.blk_mem_gen_v8_4_5_softecc_outpu...
Compiling module blk_mem_gen_v8_4_5.blk_mem_gen_v8_4_5_mem_module(C_...
Compiling module blk_mem_gen_v8_4_5.blk_mem_gen_v8_4_5(C_FAMILY="art...
Compiling module xil_defaultlib.IM
Compiling module xil_defaultlib.simple_RISC
Compiling module xil_defaultlib.tb
Compiling module xil_defaultlib.glbl
Built simulation snapshot tb_behav
execute_script: Time (s): cpu = 00:00:10 ; elapsed = 00:00:09 . Memory (MB): peak = 7104.535 ; gain = 0.000 ; free physical = 2524 ; free virtual = 113745
INFO: [USF-XSim-69] 'elaborate' step finished in '9' seconds
INFO: [USF-XSim-4] XSim::Simulate design
INFO: [USF-XSim-61] Executing 'SIMULATE' step in '/home/titan/jo/WORK/RISC-V/simple_RISC-V.sim/sim_1/behav/xsim'
INFO: [USF-XSim-98] *** Running xsim
   with args "tb_behav -key {Behavioral:sim_1:Functional:tb} -tclbatch {tb.tcl} -view {/home/titan/jo/WORK/RISC-V/tb_behav.wcfg} -log {simulate.log}"
INFO: [USF-XSim-8] Loading simulator feature
Time resolution is 1 ps
open_wave_config /home/titan/jo/WORK/RISC-V/tb_behav.wcfg
WARNING: Simulation object /tb/dut/PC/out was not found in the design.
source tb.tcl
# set curr_wave [current_wave_config]
# if { [string length $curr_wave] == 0 } {
#   if { [llength [get_objects]] > 0} {
#     add_wave /
#     set_property needs_save false [current_wave_config]
#   } else {
#      send_msg_id Add_Wave-1 WARNING "No top level signals found. Simulator will start without a wave window. If you want to open a wave window go to 'File->New Waveform Configuration' or type 'create_wave_config' in the TCL console."
#   }
# }
# run 1000ns
 Block Memory Generator module loading initial data...
 Block Memory Generator data initialization complete.
Block Memory Generator module tb.dut.Instruction_Memory.inst.\native_mem_module.blk_mem_gen_v8_4_5_inst  is using a behavioral model for simulation which will not precisely model memory collision behavior.
xsim: Time (s): cpu = 00:00:11 ; elapsed = 00:00:11 . Memory (MB): peak = 7153.754 ; gain = 49.219 ; free physical = 2492 ; free virtual = 113713
INFO: [USF-XSim-96] XSim completed. Design snapshot 'tb_behav' loaded.
INFO: [USF-XSim-97] XSim simulation ran for 1000ns
launch_simulation: Time (s): cpu = 00:00:28 ; elapsed = 00:00:27 . Memory (MB): peak = 7153.754 ; gain = 49.219 ; free physical = 2492 ; free virtual = 113713
current_wave_config {tb_behav.wcfg}
tb_behav.wcfg
add_wave {{/tb/dut/pc_count}} 
relaunch_sim
Command: launch_simulation -step compile -simset sim_1 -mode behavioral
INFO: [Vivado 12-12493] Simulation top is 'tb'
WARNING: [Vivado 12-13277] Compiled library path does not exist: ''
INFO: [Vivado 12-5698] Checking validity of IPs in the design for the 'XSim' simulator...
INFO: [Vivado 12-5682] Launching behavioral simulation in '/home/titan/jo/WORK/RISC-V/simple_RISC-V.sim/sim_1/behav/xsim'
INFO: [Vivado 12-4795] Using compiled simulation libraries for IPs
INFO: [SIM-utils-51] Simulation object is 'sim_1'
INFO: [SIM-utils-72] Using boost library from '/usr/local/packages/xilinx/Vivado/2022.2/tps/boost_1_72_0'
INFO: [USF-XSim-7] Finding pre-compiled libraries...
INFO: [USF-XSim-11] File '/usr/local/packages/xilinx/Vivado/2022.2/data/xsim/xsim.ini' copied to run dir:'/home/titan/jo/WORK/RISC-V/simple_RISC-V.sim/sim_1/behav/xsim'
INFO: [SIM-utils-54] Inspecting design source files for 'tb' in fileset 'sim_1'...
INFO: [SIM-utils-43] Exported '/home/titan/jo/WORK/RISC-V/simple_RISC-V.sim/sim_1/behav/xsim/IM.mif'
INFO: [SIM-utils-43] Exported '/home/titan/jo/WORK/RISC-V/simple_RISC-V.sim/sim_1/behav/xsim/ROM.coe'
INFO: [USF-XSim-97] Finding global include files...
INFO: [USF-XSim-98] Fetching design files from 'sim_1'...
INFO: [USF-XSim-2] XSim::Compile design
INFO: [USF-XSim-61] Executing 'COMPILE and ANALYZE' step in '/home/titan/jo/WORK/RISC-V/simple_RISC-V.sim/sim_1/behav/xsim'
xvlog --incr --relax -prj tb_vlog.prj
INFO: [VRFC 10-2263] Analyzing Verilog file "/home/titan/jo/WORK/RISC-V/simple_RISC-V.ip_user_files/ip/IM/sim/IM.v" into library xil_defaultlib
INFO: [VRFC 10-311] analyzing module IM
INFO: [VRFC 10-2263] Analyzing Verilog file "/home/titan/jo/WORK/RISC-V/Program_Counter.v" into library xil_defaultlib
INFO: [VRFC 10-311] analyzing module Program_Counter
INFO: [VRFC 10-2263] Analyzing Verilog file "/home/titan/jo/WORK/RISC-V/simple_RISC-V.srcs/sources_1/new/simple_RISC.v" into library xil_defaultlib
INFO: [VRFC 10-311] analyzing module simple_RISC
INFO: [VRFC 10-2263] Analyzing Verilog file "/home/titan/jo/WORK/RISC-V/simple_RISC-V.srcs/sim_1/new/tb.v" into library xil_defaultlib
INFO: [VRFC 10-311] analyzing module tb
Waiting for jobs to finish...
No pending jobs, compilation finished.
INFO: [USF-XSim-69] 'compile' step finished in '4' seconds
Command: launch_simulation -step elaborate -simset sim_1 -mode behavioral
INFO: [Vivado 12-12493] Simulation top is 'tb'
WARNING: [Vivado 12-13277] Compiled library path does not exist: ''
INFO: [Vivado 12-5698] Checking validity of IPs in the design for the 'XSim' simulator...
INFO: [Vivado 12-5682] Launching behavioral simulation in '/home/titan/jo/WORK/RISC-V/simple_RISC-V.sim/sim_1/behav/xsim'
INFO: [Vivado 12-4795] Using compiled simulation libraries for IPs
INFO: [SIM-utils-51] Simulation object is 'sim_1'
INFO: [USF-XSim-3] XSim::Elaborate design
INFO: [USF-XSim-61] Executing 'ELABORATE' step in '/home/titan/jo/WORK/RISC-V/simple_RISC-V.sim/sim_1/behav/xsim'
xelab --incr --debug typical --relax --mt 8 -L xil_defaultlib -L blk_mem_gen_v8_4_5 -L unisims_ver -L unimacro_ver -L secureip -L xpm --snapshot tb_behav xil_defaultlib.tb xil_defaultlib.glbl -log elaborate.log
Vivado Simulator v2022.2
Copyright 1986-1999, 2001-2022 Xilinx, Inc. All Rights Reserved.
Running: /usr/local/packages/xilinx/Vivado/2022.2/bin/unwrapped/lnx64.o/xelab --incr --debug typical --relax --mt 8 -L xil_defaultlib -L blk_mem_gen_v8_4_5 -L unisims_ver -L unimacro_ver -L secureip -L xpm --snapshot tb_behav xil_defaultlib.tb xil_defaultlib.glbl -log elaborate.log 
Using 8 slave threads.
Starting static elaboration
Pass Through NonSizing Optimizer
WARNING: [VRFC 10-3091] actual bit length 32 differs from formal bit length 1 for port 'ena' [/home/titan/jo/WORK/RISC-V/simple_RISC-V.srcs/sources_1/new/simple_RISC.v:33]
Completed static elaboration
Starting simulation data flow analysis
Completed simulation data flow analysis
Time Resolution for simulation is 1ps
Compiling module xil_defaultlib.Program_Counter
Compiling module blk_mem_gen_v8_4_5.blk_mem_gen_v8_4_5_output_stage(...
Compiling module blk_mem_gen_v8_4_5.blk_mem_gen_v8_4_5_output_stage(...
Compiling module blk_mem_gen_v8_4_5.blk_mem_gen_v8_4_5_softecc_outpu...
Compiling module blk_mem_gen_v8_4_5.blk_mem_gen_v8_4_5_mem_module(C_...
Compiling module blk_mem_gen_v8_4_5.blk_mem_gen_v8_4_5(C_FAMILY="art...
Compiling module xil_defaultlib.IM
Compiling module xil_defaultlib.simple_RISC
Compiling module xil_defaultlib.tb
Compiling module xil_defaultlib.glbl
Built simulation snapshot tb_behav
execute_script: Time (s): cpu = 00:00:09 ; elapsed = 00:00:09 . Memory (MB): peak = 7153.754 ; gain = 0.000 ; free physical = 2491 ; free virtual = 113711
INFO: [USF-XSim-69] 'elaborate' step finished in '9' seconds
launch_simulation: Time (s): cpu = 00:00:10 ; elapsed = 00:00:10 . Memory (MB): peak = 7153.754 ; gain = 0.000 ; free physical = 2491 ; free virtual = 113711
Time resolution is 1 ps
 Block Memory Generator module loading initial data...
 Block Memory Generator data initialization complete.
Block Memory Generator module tb.dut.Instruction_Memory.inst.\native_mem_module.blk_mem_gen_v8_4_5_inst  is using a behavioral model for simulation which will not precisely model memory collision behavior.
relaunch_sim: Time (s): cpu = 00:00:16 ; elapsed = 00:00:20 . Memory (MB): peak = 7153.754 ; gain = 0.000 ; free physical = 2476 ; free virtual = 113697
WARNING: [IP_Flow 19-4067] Ignoring invalid widget type specified checkbox.Providing a default widget
WARNING: [IP_Flow 19-4067] Ignoring invalid widget type specified checkbox.Providing a default widget
INFO: [IP_Flow 19-3484] Absolute path of file '/home/titan/jo/WORK/RISC-V/simple_RISC-V.srcs/sources_1/new/ROM.coe' provided. It will be converted relative to IP Instance files '../../../../simple_RISC-V.srcs/sources_1/new/ROM.coe'
set_property CONFIG.Coe_File {/home/titan/jo/WORK/RISC-V/simple_RISC-V.srcs/sources_1/new/ROM.coe} [get_ips IM]
INFO: [IP_Flow 19-3484] Absolute path of file '/home/titan/jo/WORK/RISC-V/simple_RISC-V.srcs/sources_1/new/ROM.coe' provided. It will be converted relative to IP Instance files '../../new/ROM.coe'
save_wave_config {/home/titan/jo/WORK/RISC-V/tb_behav.wcfg}
close_sim
INFO: [Simtcl 6-16] Simulation closed
generate_target Simulation [get_files /home/titan/jo/WORK/RISC-V/simple_RISC-V.srcs/sources_1/ip/IM/IM.xci]
INFO: [IP_Flow 19-1686] Generating 'Simulation' target for IP 'IM'...
export_ip_user_files -of_objects [get_files /home/titan/jo/WORK/RISC-V/simple_RISC-V.srcs/sources_1/ip/IM/IM.xci] -no_script -sync -force -quiet
export_simulation -of_objects [get_files /home/titan/jo/WORK/RISC-V/simple_RISC-V.srcs/sources_1/ip/IM/IM.xci] -directory /home/titan/jo/WORK/RISC-V/simple_RISC-V.ip_user_files/sim_scripts -ip_user_files_dir /home/titan/jo/WORK/RISC-V/simple_RISC-V.ip_user_files -ipstatic_source_dir /home/titan/jo/WORK/RISC-V/simple_RISC-V.ip_user_files/ipstatic -lib_map_path [list {modelsim=/home/titan/jo/WORK/RISC-V/simple_RISC-V.cache/compile_simlib/modelsim} {questa=/home/titan/jo/WORK/RISC-V/simple_RISC-V.cache/compile_simlib/questa} {xcelium=/home/titan/jo/WORK/RISC-V/simple_RISC-V.cache/compile_simlib/xcelium} {vcs=/home/titan/jo/WORK/RISC-V/simple_RISC-V.cache/compile_simlib/vcs} {riviera=/home/titan/jo/WORK/RISC-V/simple_RISC-V.cache/compile_simlib/riviera}] -use_ip_compiled_libs -force -quiet
launch_simulation
Command: launch_simulation 
INFO: [Vivado 12-12493] Simulation top is 'tb'
WARNING: [Vivado 12-13277] Compiled library path does not exist: ''
INFO: [Vivado 12-5698] Checking validity of IPs in the design for the 'XSim' simulator...
INFO: [Vivado 12-5682] Launching behavioral simulation in '/home/titan/jo/WORK/RISC-V/simple_RISC-V.sim/sim_1/behav/xsim'
INFO: [Vivado 12-4795] Using compiled simulation libraries for IPs
INFO: [SIM-utils-51] Simulation object is 'sim_1'
INFO: [SIM-utils-72] Using boost library from '/usr/local/packages/xilinx/Vivado/2022.2/tps/boost_1_72_0'
INFO: [USF-XSim-7] Finding pre-compiled libraries...
INFO: [USF-XSim-11] File '/usr/local/packages/xilinx/Vivado/2022.2/data/xsim/xsim.ini' copied to run dir:'/home/titan/jo/WORK/RISC-V/simple_RISC-V.sim/sim_1/behav/xsim'
INFO: [SIM-utils-54] Inspecting design source files for 'tb' in fileset 'sim_1'...
INFO: [SIM-utils-43] Exported '/home/titan/jo/WORK/RISC-V/simple_RISC-V.sim/sim_1/behav/xsim/IM.mif'
INFO: [SIM-utils-43] Exported '/home/titan/jo/WORK/RISC-V/simple_RISC-V.sim/sim_1/behav/xsim/ROM.coe'
INFO: [USF-XSim-97] Finding global include files...
INFO: [USF-XSim-98] Fetching design files from 'sim_1'...
INFO: [USF-XSim-2] XSim::Compile design
INFO: [USF-XSim-61] Executing 'COMPILE and ANALYZE' step in '/home/titan/jo/WORK/RISC-V/simple_RISC-V.sim/sim_1/behav/xsim'
xvlog --incr --relax -prj tb_vlog.prj
INFO: [VRFC 10-2263] Analyzing Verilog file "/home/titan/jo/WORK/RISC-V/simple_RISC-V.ip_user_files/ip/IM/sim/IM.v" into library xil_defaultlib
INFO: [VRFC 10-311] analyzing module IM
INFO: [VRFC 10-2263] Analyzing Verilog file "/home/titan/jo/WORK/RISC-V/Program_Counter.v" into library xil_defaultlib
INFO: [VRFC 10-311] analyzing module Program_Counter
INFO: [VRFC 10-2263] Analyzing Verilog file "/home/titan/jo/WORK/RISC-V/simple_RISC-V.srcs/sources_1/new/simple_RISC.v" into library xil_defaultlib
INFO: [VRFC 10-311] analyzing module simple_RISC
INFO: [VRFC 10-2263] Analyzing Verilog file "/home/titan/jo/WORK/RISC-V/simple_RISC-V.srcs/sim_1/new/tb.v" into library xil_defaultlib
INFO: [VRFC 10-311] analyzing module tb
Waiting for jobs to finish...
No pending jobs, compilation finished.
INFO: [USF-XSim-69] 'compile' step finished in '3' seconds
INFO: [USF-XSim-3] XSim::Elaborate design
INFO: [USF-XSim-61] Executing 'ELABORATE' step in '/home/titan/jo/WORK/RISC-V/simple_RISC-V.sim/sim_1/behav/xsim'
xelab --incr --debug typical --relax --mt 8 -L xil_defaultlib -L blk_mem_gen_v8_4_5 -L unisims_ver -L unimacro_ver -L secureip -L xpm --snapshot tb_behav xil_defaultlib.tb xil_defaultlib.glbl -log elaborate.log
Vivado Simulator v2022.2
Copyright 1986-1999, 2001-2022 Xilinx, Inc. All Rights Reserved.
Running: /usr/local/packages/xilinx/Vivado/2022.2/bin/unwrapped/lnx64.o/xelab --incr --debug typical --relax --mt 8 -L xil_defaultlib -L blk_mem_gen_v8_4_5 -L unisims_ver -L unimacro_ver -L secureip -L xpm --snapshot tb_behav xil_defaultlib.tb xil_defaultlib.glbl -log elaborate.log 
Using 8 slave threads.
Starting static elaboration
Pass Through NonSizing Optimizer
WARNING: [VRFC 10-3091] actual bit length 32 differs from formal bit length 1 for port 'ena' [/home/titan/jo/WORK/RISC-V/simple_RISC-V.srcs/sources_1/new/simple_RISC.v:33]
Completed static elaboration
Starting simulation data flow analysis
Completed simulation data flow analysis
Time Resolution for simulation is 1ps
Compiling module xil_defaultlib.Program_Counter
Compiling module blk_mem_gen_v8_4_5.blk_mem_gen_v8_4_5_output_stage(...
Compiling module blk_mem_gen_v8_4_5.blk_mem_gen_v8_4_5_output_stage(...
Compiling module blk_mem_gen_v8_4_5.blk_mem_gen_v8_4_5_softecc_outpu...
Compiling module blk_mem_gen_v8_4_5.blk_mem_gen_v8_4_5_mem_module(C_...
Compiling module blk_mem_gen_v8_4_5.blk_mem_gen_v8_4_5(C_FAMILY="art...
Compiling module xil_defaultlib.IM
Compiling module xil_defaultlib.simple_RISC
Compiling module xil_defaultlib.tb
Compiling module xil_defaultlib.glbl
Built simulation snapshot tb_behav
execute_script: Time (s): cpu = 00:00:11 ; elapsed = 00:00:09 . Memory (MB): peak = 7225.570 ; gain = 0.000 ; free physical = 5080 ; free virtual = 116300
INFO: [USF-XSim-69] 'elaborate' step finished in '9' seconds
INFO: [USF-XSim-4] XSim::Simulate design
INFO: [USF-XSim-61] Executing 'SIMULATE' step in '/home/titan/jo/WORK/RISC-V/simple_RISC-V.sim/sim_1/behav/xsim'
INFO: [USF-XSim-98] *** Running xsim
   with args "tb_behav -key {Behavioral:sim_1:Functional:tb} -tclbatch {tb.tcl} -view {/home/titan/jo/WORK/RISC-V/tb_behav.wcfg} -log {simulate.log}"
INFO: [USF-XSim-8] Loading simulator feature
Time resolution is 1 ps
open_wave_config /home/titan/jo/WORK/RISC-V/tb_behav.wcfg
source tb.tcl
# set curr_wave [current_wave_config]
# if { [string length $curr_wave] == 0 } {
#   if { [llength [get_objects]] > 0} {
#     add_wave /
#     set_property needs_save false [current_wave_config]
#   } else {
#      send_msg_id Add_Wave-1 WARNING "No top level signals found. Simulator will start without a wave window. If you want to open a wave window go to 'File->New Waveform Configuration' or type 'create_wave_config' in the TCL console."
#   }
# }
# run 1000ns
 Block Memory Generator module loading initial data...
 Block Memory Generator data initialization complete.
Block Memory Generator module tb.dut.Instruction_Memory.inst.\native_mem_module.blk_mem_gen_v8_4_5_inst  is using a behavioral model for simulation which will not precisely model memory collision behavior.
xsim: Time (s): cpu = 00:00:06 ; elapsed = 00:00:11 . Memory (MB): peak = 7225.570 ; gain = 0.000 ; free physical = 5068 ; free virtual = 116289
INFO: [USF-XSim-96] XSim completed. Design snapshot 'tb_behav' loaded.
INFO: [USF-XSim-97] XSim simulation ran for 1000ns
launch_simulation: Time (s): cpu = 00:00:21 ; elapsed = 00:00:25 . Memory (MB): peak = 7225.570 ; gain = 0.000 ; free physical = 5069 ; free virtual = 116289
WARNING: [IP_Flow 19-4067] Ignoring invalid widget type specified checkbox.Providing a default widget
WARNING: [IP_Flow 19-4067] Ignoring invalid widget type specified checkbox.Providing a default widget
INFO: [IP_Flow 19-3484] Absolute path of file '/home/titan/jo/WORK/RISC-V/simple_RISC-V.srcs/sources_1/new/ROM.coe' provided. It will be converted relative to IP Instance files '../../../../simple_RISC-V.srcs/sources_1/new/ROM.coe'
set_property CONFIG.Coe_File {/home/titan/jo/WORK/RISC-V/simple_RISC-V.srcs/sources_1/new/ROM.coe} [get_ips IM]
INFO: [IP_Flow 19-3484] Absolute path of file '/home/titan/jo/WORK/RISC-V/simple_RISC-V.srcs/sources_1/new/ROM.coe' provided. It will be converted relative to IP Instance files '../../new/ROM.coe'
close_sim
INFO: [Simtcl 6-16] Simulation closed
generate_target Simulation [get_files /home/titan/jo/WORK/RISC-V/simple_RISC-V.srcs/sources_1/ip/IM/IM.xci]
INFO: [IP_Flow 19-1686] Generating 'Simulation' target for IP 'IM'...
export_ip_user_files -of_objects [get_files /home/titan/jo/WORK/RISC-V/simple_RISC-V.srcs/sources_1/ip/IM/IM.xci] -no_script -sync -force -quiet
export_simulation -of_objects [get_files /home/titan/jo/WORK/RISC-V/simple_RISC-V.srcs/sources_1/ip/IM/IM.xci] -directory /home/titan/jo/WORK/RISC-V/simple_RISC-V.ip_user_files/sim_scripts -ip_user_files_dir /home/titan/jo/WORK/RISC-V/simple_RISC-V.ip_user_files -ipstatic_source_dir /home/titan/jo/WORK/RISC-V/simple_RISC-V.ip_user_files/ipstatic -lib_map_path [list {modelsim=/home/titan/jo/WORK/RISC-V/simple_RISC-V.cache/compile_simlib/modelsim} {questa=/home/titan/jo/WORK/RISC-V/simple_RISC-V.cache/compile_simlib/questa} {xcelium=/home/titan/jo/WORK/RISC-V/simple_RISC-V.cache/compile_simlib/xcelium} {vcs=/home/titan/jo/WORK/RISC-V/simple_RISC-V.cache/compile_simlib/vcs} {riviera=/home/titan/jo/WORK/RISC-V/simple_RISC-V.cache/compile_simlib/riviera}] -use_ip_compiled_libs -force -quiet
launch_simulation
Command: launch_simulation 
INFO: [Vivado 12-12493] Simulation top is 'tb'
WARNING: [Vivado 12-13277] Compiled library path does not exist: ''
INFO: [Vivado 12-5698] Checking validity of IPs in the design for the 'XSim' simulator...
INFO: [Vivado 12-5682] Launching behavioral simulation in '/home/titan/jo/WORK/RISC-V/simple_RISC-V.sim/sim_1/behav/xsim'
INFO: [Vivado 12-4795] Using compiled simulation libraries for IPs
INFO: [SIM-utils-51] Simulation object is 'sim_1'
INFO: [SIM-utils-72] Using boost library from '/usr/local/packages/xilinx/Vivado/2022.2/tps/boost_1_72_0'
INFO: [USF-XSim-7] Finding pre-compiled libraries...
INFO: [USF-XSim-11] File '/usr/local/packages/xilinx/Vivado/2022.2/data/xsim/xsim.ini' copied to run dir:'/home/titan/jo/WORK/RISC-V/simple_RISC-V.sim/sim_1/behav/xsim'
INFO: [SIM-utils-54] Inspecting design source files for 'tb' in fileset 'sim_1'...
INFO: [SIM-utils-43] Exported '/home/titan/jo/WORK/RISC-V/simple_RISC-V.sim/sim_1/behav/xsim/IM.mif'
INFO: [SIM-utils-43] Exported '/home/titan/jo/WORK/RISC-V/simple_RISC-V.sim/sim_1/behav/xsim/ROM.coe'
INFO: [USF-XSim-97] Finding global include files...
INFO: [USF-XSim-98] Fetching design files from 'sim_1'...
INFO: [USF-XSim-2] XSim::Compile design
INFO: [USF-XSim-61] Executing 'COMPILE and ANALYZE' step in '/home/titan/jo/WORK/RISC-V/simple_RISC-V.sim/sim_1/behav/xsim'
xvlog --incr --relax -prj tb_vlog.prj
INFO: [VRFC 10-2263] Analyzing Verilog file "/home/titan/jo/WORK/RISC-V/simple_RISC-V.ip_user_files/ip/IM/sim/IM.v" into library xil_defaultlib
INFO: [VRFC 10-311] analyzing module IM
INFO: [VRFC 10-2263] Analyzing Verilog file "/home/titan/jo/WORK/RISC-V/Program_Counter.v" into library xil_defaultlib
INFO: [VRFC 10-311] analyzing module Program_Counter
INFO: [VRFC 10-2263] Analyzing Verilog file "/home/titan/jo/WORK/RISC-V/simple_RISC-V.srcs/sources_1/new/simple_RISC.v" into library xil_defaultlib
INFO: [VRFC 10-311] analyzing module simple_RISC
INFO: [VRFC 10-2263] Analyzing Verilog file "/home/titan/jo/WORK/RISC-V/simple_RISC-V.srcs/sim_1/new/tb.v" into library xil_defaultlib
INFO: [VRFC 10-311] analyzing module tb
Waiting for jobs to finish...
No pending jobs, compilation finished.
INFO: [USF-XSim-69] 'compile' step finished in '4' seconds
INFO: [USF-XSim-3] XSim::Elaborate design
INFO: [USF-XSim-61] Executing 'ELABORATE' step in '/home/titan/jo/WORK/RISC-V/simple_RISC-V.sim/sim_1/behav/xsim'
xelab --incr --debug typical --relax --mt 8 -L xil_defaultlib -L blk_mem_gen_v8_4_5 -L unisims_ver -L unimacro_ver -L secureip -L xpm --snapshot tb_behav xil_defaultlib.tb xil_defaultlib.glbl -log elaborate.log
Vivado Simulator v2022.2
Copyright 1986-1999, 2001-2022 Xilinx, Inc. All Rights Reserved.
Running: /usr/local/packages/xilinx/Vivado/2022.2/bin/unwrapped/lnx64.o/xelab --incr --debug typical --relax --mt 8 -L xil_defaultlib -L blk_mem_gen_v8_4_5 -L unisims_ver -L unimacro_ver -L secureip -L xpm --snapshot tb_behav xil_defaultlib.tb xil_defaultlib.glbl -log elaborate.log 
Using 8 slave threads.
Starting static elaboration
Pass Through NonSizing Optimizer
WARNING: [VRFC 10-3091] actual bit length 32 differs from formal bit length 1 for port 'ena' [/home/titan/jo/WORK/RISC-V/simple_RISC-V.srcs/sources_1/new/simple_RISC.v:33]
Completed static elaboration
Starting simulation data flow analysis
Completed simulation data flow analysis
Time Resolution for simulation is 1ps
Compiling module xil_defaultlib.Program_Counter
Compiling module blk_mem_gen_v8_4_5.blk_mem_gen_v8_4_5_output_stage(...
Compiling module blk_mem_gen_v8_4_5.blk_mem_gen_v8_4_5_output_stage(...
Compiling module blk_mem_gen_v8_4_5.blk_mem_gen_v8_4_5_softecc_outpu...
Compiling module blk_mem_gen_v8_4_5.blk_mem_gen_v8_4_5_mem_module(C_...
Compiling module blk_mem_gen_v8_4_5.blk_mem_gen_v8_4_5(C_FAMILY="art...
Compiling module xil_defaultlib.IM
Compiling module xil_defaultlib.simple_RISC
Compiling module xil_defaultlib.tb
Compiling module xil_defaultlib.glbl
Built simulation snapshot tb_behav
execute_script: Time (s): cpu = 00:00:09 ; elapsed = 00:00:09 . Memory (MB): peak = 7249.574 ; gain = 0.000 ; free physical = 5049 ; free virtual = 116270
INFO: [USF-XSim-69] 'elaborate' step finished in '9' seconds
INFO: [USF-XSim-4] XSim::Simulate design
INFO: [USF-XSim-61] Executing 'SIMULATE' step in '/home/titan/jo/WORK/RISC-V/simple_RISC-V.sim/sim_1/behav/xsim'
INFO: [USF-XSim-98] *** Running xsim
   with args "tb_behav -key {Behavioral:sim_1:Functional:tb} -tclbatch {tb.tcl} -view {/home/titan/jo/WORK/RISC-V/tb_behav.wcfg} -log {simulate.log}"
INFO: [USF-XSim-8] Loading simulator feature
Time resolution is 1 ps
open_wave_config /home/titan/jo/WORK/RISC-V/tb_behav.wcfg
source tb.tcl
# set curr_wave [current_wave_config]
# if { [string length $curr_wave] == 0 } {
#   if { [llength [get_objects]] > 0} {
#     add_wave /
#     set_property needs_save false [current_wave_config]
#   } else {
#      send_msg_id Add_Wave-1 WARNING "No top level signals found. Simulator will start without a wave window. If you want to open a wave window go to 'File->New Waveform Configuration' or type 'create_wave_config' in the TCL console."
#   }
# }
# run 1000ns
 Block Memory Generator module loading initial data...
 Block Memory Generator data initialization complete.
Block Memory Generator module tb.dut.Instruction_Memory.inst.\native_mem_module.blk_mem_gen_v8_4_5_inst  is using a behavioral model for simulation which will not precisely model memory collision behavior.
xsim: Time (s): cpu = 00:00:05 ; elapsed = 00:00:11 . Memory (MB): peak = 7249.574 ; gain = 0.000 ; free physical = 5050 ; free virtual = 116270
INFO: [USF-XSim-96] XSim completed. Design snapshot 'tb_behav' loaded.
INFO: [USF-XSim-97] XSim simulation ran for 1000ns
launch_simulation: Time (s): cpu = 00:00:20 ; elapsed = 00:00:25 . Memory (MB): peak = 7249.574 ; gain = 0.000 ; free physical = 5050 ; free virtual = 116270
WARNING: [IP_Flow 19-4067] Ignoring invalid widget type specified checkbox.Providing a default widget
WARNING: [IP_Flow 19-4067] Ignoring invalid widget type specified checkbox.Providing a default widget
INFO: [IP_Flow 19-3484] Absolute path of file '/home/titan/jo/WORK/RISC-V/simple_RISC-V.srcs/sources_1/new/ROM.coe' provided. It will be converted relative to IP Instance files '../../../../simple_RISC-V.srcs/sources_1/new/ROM.coe'
set_property CONFIG.Coe_File {/home/titan/jo/WORK/RISC-V/simple_RISC-V.srcs/sources_1/new/ROM.coe} [get_ips IM]
INFO: [IP_Flow 19-3484] Absolute path of file '/home/titan/jo/WORK/RISC-V/simple_RISC-V.srcs/sources_1/new/ROM.coe' provided. It will be converted relative to IP Instance files '../../new/ROM.coe'
close_sim
INFO: [Simtcl 6-16] Simulation closed
generate_target Simulation [get_files /home/titan/jo/WORK/RISC-V/simple_RISC-V.srcs/sources_1/ip/IM/IM.xci]
INFO: [IP_Flow 19-1686] Generating 'Simulation' target for IP 'IM'...
export_ip_user_files -of_objects [get_files /home/titan/jo/WORK/RISC-V/simple_RISC-V.srcs/sources_1/ip/IM/IM.xci] -no_script -sync -force -quiet
export_simulation -of_objects [get_files /home/titan/jo/WORK/RISC-V/simple_RISC-V.srcs/sources_1/ip/IM/IM.xci] -directory /home/titan/jo/WORK/RISC-V/simple_RISC-V.ip_user_files/sim_scripts -ip_user_files_dir /home/titan/jo/WORK/RISC-V/simple_RISC-V.ip_user_files -ipstatic_source_dir /home/titan/jo/WORK/RISC-V/simple_RISC-V.ip_user_files/ipstatic -lib_map_path [list {modelsim=/home/titan/jo/WORK/RISC-V/simple_RISC-V.cache/compile_simlib/modelsim} {questa=/home/titan/jo/WORK/RISC-V/simple_RISC-V.cache/compile_simlib/questa} {xcelium=/home/titan/jo/WORK/RISC-V/simple_RISC-V.cache/compile_simlib/xcelium} {vcs=/home/titan/jo/WORK/RISC-V/simple_RISC-V.cache/compile_simlib/vcs} {riviera=/home/titan/jo/WORK/RISC-V/simple_RISC-V.cache/compile_simlib/riviera}] -use_ip_compiled_libs -force -quiet
launch_simulation
Command: launch_simulation 
INFO: [Vivado 12-12493] Simulation top is 'tb'
WARNING: [Vivado 12-13277] Compiled library path does not exist: ''
INFO: [Vivado 12-5698] Checking validity of IPs in the design for the 'XSim' simulator...
INFO: [Vivado 12-5682] Launching behavioral simulation in '/home/titan/jo/WORK/RISC-V/simple_RISC-V.sim/sim_1/behav/xsim'
INFO: [Vivado 12-4795] Using compiled simulation libraries for IPs
INFO: [SIM-utils-51] Simulation object is 'sim_1'
INFO: [SIM-utils-72] Using boost library from '/usr/local/packages/xilinx/Vivado/2022.2/tps/boost_1_72_0'
INFO: [USF-XSim-7] Finding pre-compiled libraries...
INFO: [USF-XSim-11] File '/usr/local/packages/xilinx/Vivado/2022.2/data/xsim/xsim.ini' copied to run dir:'/home/titan/jo/WORK/RISC-V/simple_RISC-V.sim/sim_1/behav/xsim'
INFO: [SIM-utils-54] Inspecting design source files for 'tb' in fileset 'sim_1'...
INFO: [SIM-utils-43] Exported '/home/titan/jo/WORK/RISC-V/simple_RISC-V.sim/sim_1/behav/xsim/IM.mif'
INFO: [SIM-utils-43] Exported '/home/titan/jo/WORK/RISC-V/simple_RISC-V.sim/sim_1/behav/xsim/ROM.coe'
INFO: [USF-XSim-97] Finding global include files...
INFO: [USF-XSim-98] Fetching design files from 'sim_1'...
INFO: [USF-XSim-2] XSim::Compile design
INFO: [USF-XSim-61] Executing 'COMPILE and ANALYZE' step in '/home/titan/jo/WORK/RISC-V/simple_RISC-V.sim/sim_1/behav/xsim'
xvlog --incr --relax -prj tb_vlog.prj
INFO: [VRFC 10-2263] Analyzing Verilog file "/home/titan/jo/WORK/RISC-V/simple_RISC-V.ip_user_files/ip/IM/sim/IM.v" into library xil_defaultlib
INFO: [VRFC 10-311] analyzing module IM
INFO: [VRFC 10-2263] Analyzing Verilog file "/home/titan/jo/WORK/RISC-V/Program_Counter.v" into library xil_defaultlib
INFO: [VRFC 10-311] analyzing module Program_Counter
INFO: [VRFC 10-2263] Analyzing Verilog file "/home/titan/jo/WORK/RISC-V/simple_RISC-V.srcs/sources_1/new/simple_RISC.v" into library xil_defaultlib
INFO: [VRFC 10-311] analyzing module simple_RISC
INFO: [VRFC 10-2263] Analyzing Verilog file "/home/titan/jo/WORK/RISC-V/simple_RISC-V.srcs/sim_1/new/tb.v" into library xil_defaultlib
INFO: [VRFC 10-311] analyzing module tb
Waiting for jobs to finish...
No pending jobs, compilation finished.
INFO: [USF-XSim-69] 'compile' step finished in '3' seconds
INFO: [USF-XSim-3] XSim::Elaborate design
INFO: [USF-XSim-61] Executing 'ELABORATE' step in '/home/titan/jo/WORK/RISC-V/simple_RISC-V.sim/sim_1/behav/xsim'
xelab --incr --debug typical --relax --mt 8 -L xil_defaultlib -L blk_mem_gen_v8_4_5 -L unisims_ver -L unimacro_ver -L secureip -L xpm --snapshot tb_behav xil_defaultlib.tb xil_defaultlib.glbl -log elaborate.log
Vivado Simulator v2022.2
Copyright 1986-1999, 2001-2022 Xilinx, Inc. All Rights Reserved.
Running: /usr/local/packages/xilinx/Vivado/2022.2/bin/unwrapped/lnx64.o/xelab --incr --debug typical --relax --mt 8 -L xil_defaultlib -L blk_mem_gen_v8_4_5 -L unisims_ver -L unimacro_ver -L secureip -L xpm --snapshot tb_behav xil_defaultlib.tb xil_defaultlib.glbl -log elaborate.log 
Using 8 slave threads.
Starting static elaboration
Pass Through NonSizing Optimizer
WARNING: [VRFC 10-3091] actual bit length 32 differs from formal bit length 1 for port 'ena' [/home/titan/jo/WORK/RISC-V/simple_RISC-V.srcs/sources_1/new/simple_RISC.v:33]
Completed static elaboration
Starting simulation data flow analysis
Completed simulation data flow analysis
Time Resolution for simulation is 1ps
Compiling module xil_defaultlib.Program_Counter
Compiling module blk_mem_gen_v8_4_5.blk_mem_gen_v8_4_5_output_stage(...
Compiling module blk_mem_gen_v8_4_5.blk_mem_gen_v8_4_5_output_stage(...
Compiling module blk_mem_gen_v8_4_5.blk_mem_gen_v8_4_5_softecc_outpu...
Compiling module blk_mem_gen_v8_4_5.blk_mem_gen_v8_4_5_mem_module(C_...
Compiling module blk_mem_gen_v8_4_5.blk_mem_gen_v8_4_5(C_FAMILY="art...
Compiling module xil_defaultlib.IM
Compiling module xil_defaultlib.simple_RISC
Compiling module xil_defaultlib.tb
Compiling module xil_defaultlib.glbl
Built simulation snapshot tb_behav
execute_script: Time (s): cpu = 00:00:09 ; elapsed = 00:00:09 . Memory (MB): peak = 7256.570 ; gain = 0.000 ; free physical = 5034 ; free virtual = 116254
INFO: [USF-XSim-69] 'elaborate' step finished in '10' seconds
INFO: [USF-XSim-4] XSim::Simulate design
INFO: [USF-XSim-61] Executing 'SIMULATE' step in '/home/titan/jo/WORK/RISC-V/simple_RISC-V.sim/sim_1/behav/xsim'
INFO: [USF-XSim-98] *** Running xsim
   with args "tb_behav -key {Behavioral:sim_1:Functional:tb} -tclbatch {tb.tcl} -view {/home/titan/jo/WORK/RISC-V/tb_behav.wcfg} -log {simulate.log}"
INFO: [USF-XSim-8] Loading simulator feature
Time resolution is 1 ps
open_wave_config /home/titan/jo/WORK/RISC-V/tb_behav.wcfg
source tb.tcl
# set curr_wave [current_wave_config]
# if { [string length $curr_wave] == 0 } {
#   if { [llength [get_objects]] > 0} {
#     add_wave /
#     set_property needs_save false [current_wave_config]
#   } else {
#      send_msg_id Add_Wave-1 WARNING "No top level signals found. Simulator will start without a wave window. If you want to open a wave window go to 'File->New Waveform Configuration' or type 'create_wave_config' in the TCL console."
#   }
# }
# run 1000ns
 Block Memory Generator module loading initial data...
 Block Memory Generator data initialization complete.
Block Memory Generator module tb.dut.Instruction_Memory.inst.\native_mem_module.blk_mem_gen_v8_4_5_inst  is using a behavioral model for simulation which will not precisely model memory collision behavior.
xsim: Time (s): cpu = 00:00:05 ; elapsed = 00:00:13 . Memory (MB): peak = 7256.570 ; gain = 0.000 ; free physical = 5039 ; free virtual = 116259
INFO: [USF-XSim-96] XSim completed. Design snapshot 'tb_behav' loaded.
INFO: [USF-XSim-97] XSim simulation ran for 1000ns
launch_simulation: Time (s): cpu = 00:00:19 ; elapsed = 00:00:27 . Memory (MB): peak = 7256.570 ; gain = 0.000 ; free physical = 5039 ; free virtual = 116259
close_sim
INFO: [Simtcl 6-16] Simulation closed
launch_simulation
Command: launch_simulation 
INFO: [Vivado 12-12493] Simulation top is 'tb'
WARNING: [Vivado 12-13277] Compiled library path does not exist: ''
INFO: [Vivado 12-5698] Checking validity of IPs in the design for the 'XSim' simulator...
INFO: [Vivado 12-5682] Launching behavioral simulation in '/home/titan/jo/WORK/RISC-V/simple_RISC-V.sim/sim_1/behav/xsim'
INFO: [Vivado 12-4795] Using compiled simulation libraries for IPs
INFO: [SIM-utils-51] Simulation object is 'sim_1'
INFO: [SIM-utils-72] Using boost library from '/usr/local/packages/xilinx/Vivado/2022.2/tps/boost_1_72_0'
INFO: [USF-XSim-7] Finding pre-compiled libraries...
INFO: [USF-XSim-11] File '/usr/local/packages/xilinx/Vivado/2022.2/data/xsim/xsim.ini' copied to run dir:'/home/titan/jo/WORK/RISC-V/simple_RISC-V.sim/sim_1/behav/xsim'
INFO: [SIM-utils-54] Inspecting design source files for 'tb' in fileset 'sim_1'...
INFO: [SIM-utils-43] Exported '/home/titan/jo/WORK/RISC-V/simple_RISC-V.sim/sim_1/behav/xsim/IM.mif'
INFO: [SIM-utils-43] Exported '/home/titan/jo/WORK/RISC-V/simple_RISC-V.sim/sim_1/behav/xsim/ROM.coe'
INFO: [USF-XSim-97] Finding global include files...
INFO: [USF-XSim-98] Fetching design files from 'sim_1'...
INFO: [USF-XSim-2] XSim::Compile design
INFO: [USF-XSim-61] Executing 'COMPILE and ANALYZE' step in '/home/titan/jo/WORK/RISC-V/simple_RISC-V.sim/sim_1/behav/xsim'
xvlog --incr --relax -prj tb_vlog.prj
INFO: [VRFC 10-2263] Analyzing Verilog file "/home/titan/jo/WORK/RISC-V/simple_RISC-V.srcs/sources_1/new/ALU.v" into library xil_defaultlib
INFO: [VRFC 10-311] analyzing module ALU
INFO: [VRFC 10-2263] Analyzing Verilog file "/home/titan/jo/WORK/RISC-V/simple_RISC-V.srcs/sim_1/new/tb.v" into library xil_defaultlib
INFO: [VRFC 10-311] analyzing module tb
Waiting for jobs to finish...
No pending jobs, compilation finished.
INFO: [USF-XSim-69] 'compile' step finished in '3' seconds
INFO: [USF-XSim-3] XSim::Elaborate design
INFO: [USF-XSim-61] Executing 'ELABORATE' step in '/home/titan/jo/WORK/RISC-V/simple_RISC-V.sim/sim_1/behav/xsim'
xelab --incr --debug typical --relax --mt 8 -L xil_defaultlib -L unisims_ver -L unimacro_ver -L secureip -L xpm --snapshot tb_behav xil_defaultlib.tb xil_defaultlib.glbl -log elaborate.log
Vivado Simulator v2022.2
Copyright 1986-1999, 2001-2022 Xilinx, Inc. All Rights Reserved.
Running: /usr/local/packages/xilinx/Vivado/2022.2/bin/unwrapped/lnx64.o/xelab --incr --debug typical --relax --mt 8 -L xil_defaultlib -L unisims_ver -L unimacro_ver -L secureip -L xpm --snapshot tb_behav xil_defaultlib.tb xil_defaultlib.glbl -log elaborate.log 
Using 8 slave threads.
Starting static elaboration
Pass Through NonSizing Optimizer
Completed static elaboration
Starting simulation data flow analysis
Completed simulation data flow analysis
Time Resolution for simulation is 1ps
Compiling module xil_defaultlib.ALU
Compiling module xil_defaultlib.tb
Compiling module xil_defaultlib.glbl
Built simulation snapshot tb_behav
INFO: [USF-XSim-69] 'elaborate' step finished in '3' seconds
INFO: [USF-XSim-4] XSim::Simulate design
INFO: [USF-XSim-61] Executing 'SIMULATE' step in '/home/titan/jo/WORK/RISC-V/simple_RISC-V.sim/sim_1/behav/xsim'
INFO: [USF-XSim-98] *** Running xsim
   with args "tb_behav -key {Behavioral:sim_1:Functional:tb} -tclbatch {tb.tcl} -view {/home/titan/jo/WORK/RISC-V/tb_behav.wcfg} -log {simulate.log}"
INFO: [USF-XSim-8] Loading simulator feature
Time resolution is 1 ps
open_wave_config /home/titan/jo/WORK/RISC-V/tb_behav.wcfg
WARNING: Simulation object /tb/clk was not found in the design.
WARNING: Simulation object /tb/rst was not found in the design.
WARNING: Simulation object /tb/dut/pc_count was not found in the design.
source tb.tcl
# set curr_wave [current_wave_config]
# if { [string length $curr_wave] == 0 } {
#   if { [llength [get_objects]] > 0} {
#     add_wave /
#     set_property needs_save false [current_wave_config]
#   } else {
#      send_msg_id Add_Wave-1 WARNING "No top level signals found. Simulator will start without a wave window. If you want to open a wave window go to 'File->New Waveform Configuration' or type 'create_wave_config' in the TCL console."
#   }
# }
# run 1000ns
$finish called at time : 16 ns : File "/home/titan/jo/WORK/RISC-V/simple_RISC-V.srcs/sim_1/new/tb.v" Line 62
run: Time (s): cpu = 00:00:02 ; elapsed = 00:00:05 . Memory (MB): peak = 7275.590 ; gain = 0.000 ; free physical = 4933 ; free virtual = 116230
xsim: Time (s): cpu = 00:00:07 ; elapsed = 00:00:17 . Memory (MB): peak = 7275.590 ; gain = 0.000 ; free physical = 4933 ; free virtual = 116230
INFO: [USF-XSim-96] XSim completed. Design snapshot 'tb_behav' loaded.
INFO: [USF-XSim-97] XSim simulation ran for 1000ns
launch_simulation: Time (s): cpu = 00:00:15 ; elapsed = 00:00:27 . Memory (MB): peak = 7275.590 ; gain = 0.000 ; free physical = 4933 ; free virtual = 116231
close_sim
INFO: [Simtcl 6-16] Simulation closed
launch_simulation
Command: launch_simulation 
INFO: [Vivado 12-12493] Simulation top is 'tb'
WARNING: [Vivado 12-13277] Compiled library path does not exist: ''
INFO: [Vivado 12-5698] Checking validity of IPs in the design for the 'XSim' simulator...
INFO: [Vivado 12-5682] Launching behavioral simulation in '/home/titan/jo/WORK/RISC-V/simple_RISC-V.sim/sim_1/behav/xsim'
INFO: [Vivado 12-4795] Using compiled simulation libraries for IPs
INFO: [SIM-utils-51] Simulation object is 'sim_1'
INFO: [SIM-utils-72] Using boost library from '/usr/local/packages/xilinx/Vivado/2022.2/tps/boost_1_72_0'
INFO: [USF-XSim-7] Finding pre-compiled libraries...
INFO: [USF-XSim-11] File '/usr/local/packages/xilinx/Vivado/2022.2/data/xsim/xsim.ini' copied to run dir:'/home/titan/jo/WORK/RISC-V/simple_RISC-V.sim/sim_1/behav/xsim'
INFO: [SIM-utils-54] Inspecting design source files for 'tb' in fileset 'sim_1'...
INFO: [SIM-utils-43] Exported '/home/titan/jo/WORK/RISC-V/simple_RISC-V.sim/sim_1/behav/xsim/IM.mif'
INFO: [SIM-utils-43] Exported '/home/titan/jo/WORK/RISC-V/simple_RISC-V.sim/sim_1/behav/xsim/ROM.coe'
INFO: [USF-XSim-97] Finding global include files...
INFO: [USF-XSim-98] Fetching design files from 'sim_1'...
INFO: [USF-XSim-2] XSim::Compile design
INFO: [USF-XSim-61] Executing 'COMPILE and ANALYZE' step in '/home/titan/jo/WORK/RISC-V/simple_RISC-V.sim/sim_1/behav/xsim'
xvlog --incr --relax -prj tb_vlog.prj
INFO: [VRFC 10-2263] Analyzing Verilog file "/home/titan/jo/WORK/RISC-V/simple_RISC-V.srcs/sources_1/new/ALU.v" into library xil_defaultlib
INFO: [VRFC 10-311] analyzing module ALU
INFO: [VRFC 10-2263] Analyzing Verilog file "/home/titan/jo/WORK/RISC-V/simple_RISC-V.srcs/sim_1/new/tb.v" into library xil_defaultlib
INFO: [VRFC 10-311] analyzing module tb
Waiting for jobs to finish...
No pending jobs, compilation finished.
INFO: [USF-XSim-69] 'compile' step finished in '3' seconds
INFO: [USF-XSim-3] XSim::Elaborate design
INFO: [USF-XSim-61] Executing 'ELABORATE' step in '/home/titan/jo/WORK/RISC-V/simple_RISC-V.sim/sim_1/behav/xsim'
xelab --incr --debug typical --relax --mt 8 -L xil_defaultlib -L unisims_ver -L unimacro_ver -L secureip -L xpm --snapshot tb_behav xil_defaultlib.tb xil_defaultlib.glbl -log elaborate.log
Vivado Simulator v2022.2
Copyright 1986-1999, 2001-2022 Xilinx, Inc. All Rights Reserved.
Running: /usr/local/packages/xilinx/Vivado/2022.2/bin/unwrapped/lnx64.o/xelab --incr --debug typical --relax --mt 8 -L xil_defaultlib -L unisims_ver -L unimacro_ver -L secureip -L xpm --snapshot tb_behav xil_defaultlib.tb xil_defaultlib.glbl -log elaborate.log 
Using 8 slave threads.
Starting static elaboration
Pass Through NonSizing Optimizer
Completed static elaboration
Starting simulation data flow analysis
Completed simulation data flow analysis
Time Resolution for simulation is 1ps
Compiling module xil_defaultlib.ALU
Compiling module xil_defaultlib.tb
Compiling module xil_defaultlib.glbl
Built simulation snapshot tb_behav
INFO: [USF-XSim-69] 'elaborate' step finished in '4' seconds
INFO: [USF-XSim-4] XSim::Simulate design
INFO: [USF-XSim-61] Executing 'SIMULATE' step in '/home/titan/jo/WORK/RISC-V/simple_RISC-V.sim/sim_1/behav/xsim'
INFO: [USF-XSim-98] *** Running xsim
   with args "tb_behav -key {Behavioral:sim_1:Functional:tb} -tclbatch {tb.tcl} -view {/home/titan/jo/WORK/RISC-V/tb_behav.wcfg} -log {simulate.log}"
INFO: [USF-XSim-8] Loading simulator feature
Time resolution is 1 ps
open_wave_config /home/titan/jo/WORK/RISC-V/tb_behav.wcfg
WARNING: Simulation object /tb/clk was not found in the design.
WARNING: Simulation object /tb/rst was not found in the design.
WARNING: Simulation object /tb/dut/pc_count was not found in the design.
source tb.tcl
# set curr_wave [current_wave_config]
# if { [string length $curr_wave] == 0 } {
#   if { [llength [get_objects]] > 0} {
#     add_wave /
#     set_property needs_save false [current_wave_config]
#   } else {
#      send_msg_id Add_Wave-1 WARNING "No top level signals found. Simulator will start without a wave window. If you want to open a wave window go to 'File->New Waveform Configuration' or type 'create_wave_config' in the TCL console."
#   }
# }
# run 1000ns
$finish called at time : 16 ns : File "/home/titan/jo/WORK/RISC-V/simple_RISC-V.srcs/sim_1/new/tb.v" Line 62
xsim: Time (s): cpu = 00:00:05 ; elapsed = 00:00:11 . Memory (MB): peak = 7281.453 ; gain = 0.000 ; free physical = 4920 ; free virtual = 116218
INFO: [USF-XSim-96] XSim completed. Design snapshot 'tb_behav' loaded.
INFO: [USF-XSim-97] XSim simulation ran for 1000ns
launch_simulation: Time (s): cpu = 00:00:13 ; elapsed = 00:00:20 . Memory (MB): peak = 7281.453 ; gain = 0.000 ; free physical = 4921 ; free virtual = 116218
update_compile_order -fileset sources_1
update_compile_order -fileset sim_1
close_sim
INFO: [Simtcl 6-16] Simulation closed
exit
INFO: [Common 17-206] Exiting Vivado at Mon Jan  9 15:22:19 2023...
