#-----------------------------------------------------------
# Vivado v2022.2 (64-bit)
# SW Build 3671981 on Fri Oct 14 04:59:54 MDT 2022
# IP Build 3669848 on Fri Oct 14 08:30:02 MDT 2022
# Start of session at: Fri Jan  6 14:39:12 2023
# Process ID: 23206
# Current directory: /home/titan/jo/WORK/RISC-V
# Command line: vivado
# Log file: /home/titan/jo/WORK/RISC-V/vivado.log
# Journal file: /home/titan/jo/WORK/RISC-V/vivado.jou
# Running On: saturn, OS: Linux, CPU Frequency: 1305.166 MHz, CPU Physical cores: 16, Host memory: 135114 MB
#-----------------------------------------------------------
start_gui
WARNING: [Board 49-26] cannot add Board Part xilinx.com:vek280_es:part0:1.0 available at /usr/local/packages/xilinx/Vivado/2022.2/data/xhub/boards/XilinxBoardStore/boards/Xilinx/vek280/es/1.0/board.xml as part xcve2802-vsvh1760-2lp-e-s-es1 specified in board_part file is either invalid or not available
WARNING: [Board 49-26] cannot add Board Part xilinx.com:vhk158_es:part0:1.0 available at /usr/local/packages/xilinx/Vivado/2022.2/data/xhub/boards/XilinxBoardStore/boards/Xilinx/vhk158/es/1.0/board.xml as part xcvh1582-vsva3697-2mp-e-s-es1 specified in board_part file is either invalid or not available
WARNING: [Board 49-26] cannot add Board Part xilinx.com:vpk120_es:part0:1.2 available at /usr/local/packages/xilinx/Vivado/2022.2/data/xhub/boards/XilinxBoardStore/boards/Xilinx/vpk120/es/1.2/board.xml as part xcvp1202-vsva2785-2mp-e-s-es1 specified in board_part file is either invalid or not available
WARNING: [Board 49-26] cannot add Board Part xilinx.com:vpk120_es_revb:part0:1.0 available at /usr/local/packages/xilinx/Vivado/2022.2/data/xhub/boards/XilinxBoardStore/boards/Xilinx/vpk120_revb/es/1.0/board.xml as part xcvp1202-vsva2785-2mp-e-s-es1 specified in board_part file is either invalid or not available
WARNING: [Board 49-26] cannot add Board Part xilinx.com:vpk180_es:part0:1.0 available at /usr/local/packages/xilinx/Vivado/2022.2/data/xhub/boards/XilinxBoardStore/boards/Xilinx/vpk180/es/1.0/board.xml as part xcvp1802-lsvc4072-2mp-e-s-es1 specified in board_part file is either invalid or not available
WARNING: [Board 49-26] cannot add Board Part xilinx.com:zcu208ld:part0:2.0 available at /usr/local/packages/xilinx/Vivado/2022.2/data/xhub/boards/XilinxBoardStore/boards/Xilinx/zcu208ld/production/2.0/board.xml as part xczu58dr-fsvg1517-2-i specified in board_part file is either invalid or not available
WARNING: [Board 49-26] cannot add Board Part xilinx.com:zcu216ld:part0:2.0 available at /usr/local/packages/xilinx/Vivado/2022.2/data/xhub/boards/XilinxBoardStore/boards/Xilinx/zcu216ld/production/2.0/board.xml as part xczu59dr-ffvf1760-2-i specified in board_part file is either invalid or not available
WARNING: [Board 49-26] cannot add Board Part xilinx.com:zcu670:part0:2.0 available at /usr/local/packages/xilinx/Vivado/2022.2/data/xhub/boards/XilinxBoardStore/boards/Xilinx/zcu670/2.0/board.xml as part xczu67dr-fsve1156-2-i specified in board_part file is either invalid or not available
WARNING: [Board 49-26] cannot add Board Part xilinx.com:zcu670ld:part0:1.0 available at /usr/local/packages/xilinx/Vivado/2022.2/data/xhub/boards/XilinxBoardStore/boards/Xilinx/zcu670ld/1.0/board.xml as part xczu57dr-fsve1156-2-i specified in board_part file is either invalid or not available
open_project /home/titan/jo/WORK/RISC-V/simple_RISC-V.xpr
Scanning sources...
Finished scanning sources
INFO: [IP_Flow 19-234] Refreshing IP repositories
INFO: [IP_Flow 19-1704] No user IP repositories specified
INFO: [IP_Flow 19-2313] Loaded Vivado IP repository '/usr/local/packages/xilinx/Vivado/2022.2/data/ip'.
open_project: Time (s): cpu = 00:00:19 ; elapsed = 00:00:06 . Memory (MB): peak = 6992.273 ; gain = 117.836 ; free physical = 1436 ; free virtual = 111601
update_compile_order -fileset sources_1
export_ip_user_files -of_objects  [get_files /home/titan/jo/WORK/RISC-V/simple_RISC-V.srcs/sources_1/new/Pc_Rom.v] -no_script -reset -force -quiet
remove_files  /home/titan/jo/WORK/RISC-V/simple_RISC-V.srcs/sources_1/new/Pc_Rom.v
file delete -force /home/titan/jo/WORK/RISC-V/simple_RISC-V.srcs/sources_1/new/Pc_Rom.v
export_ip_user_files -of_objects  [get_files /home/titan/jo/WORK/RISC-V/simple_RISC-V.srcs/sources_1/ip/PC_ROM/PC_ROM.xci] -no_script -reset -force -quiet
remove_files  -fileset PC_ROM /home/titan/jo/WORK/RISC-V/simple_RISC-V.srcs/sources_1/ip/PC_ROM/PC_ROM.xci
INFO: [Project 1-386] Moving file '/home/titan/jo/WORK/RISC-V/simple_RISC-V.srcs/sources_1/ip/PC_ROM/PC_ROM.xci' from fileset 'PC_ROM' to fileset 'sources_1'.
INFO: [Project 1-386] Moving file '/home/titan/jo/WORK/RISC-V/simple_RISC-V.srcs/sources_1/ip/PC_ROM.xcix' from fileset 'PC_ROM' to fileset 'sources_1'.
delete_ip_run: Time (s): cpu = 00:00:07 ; elapsed = 00:00:06 . Memory (MB): peak = 7087.750 ; gain = 0.000 ; free physical = 1471 ; free virtual = 111611
remove_files: Time (s): cpu = 00:00:09 ; elapsed = 00:00:07 . Memory (MB): peak = 7090.750 ; gain = 3.000 ; free physical = 1491 ; free virtual = 111631
file delete -force /home/titan/jo/WORK/RISC-V/simple_RISC-V.srcs/sources_1/ip/PC_ROM.xcix
WARNING: [IP_Flow 19-4067] Ignoring invalid widget type specified checkbox.Providing a default widget
WARNING: [IP_Flow 19-4067] Ignoring invalid widget type specified checkbox.Providing a default widget
INFO: [IP_Flow 19-3484] Absolute path of file '/home/titan/jo/WORK/RISC-V/simple_RISC-V.srcs/sources_1/new/ROM.coe' provided. It will be converted relative to IP Instance files '../../../../simple_RISC-V.srcs/sources_1/new/ROM.coe'
create_ip -name blk_mem_gen -vendor xilinx.com -library ip -version 8.4 -module_name IM
INFO: [filemgmt 56-101] Creating core container '/home/titan/jo/WORK/RISC-V/simple_RISC-V.srcs/sources_1/ip/IM.xcix' for IP 'IM'
set_property -dict [list \
  CONFIG.Coe_File {/home/titan/jo/WORK/RISC-V/simple_RISC-V.srcs/sources_1/new/ROM.coe} \
  CONFIG.Component_Name {IM} \
  CONFIG.Load_Init_File {true} \
  CONFIG.Memory_Type {Single_Port_ROM} \
  CONFIG.Write_Depth_A {32} \
  CONFIG.Write_Width_A {32} \
] [get_ips IM]
WARNING: [Vivado 12-3523] Attempt to change 'Component_Name' from 'IM' to 'IM' is not allowed and is ignored.
INFO: [IP_Flow 19-3484] Absolute path of file '/home/titan/jo/WORK/RISC-V/simple_RISC-V.srcs/sources_1/new/ROM.coe' provided. It will be converted relative to IP Instance files '../../new/ROM.coe'
generate_target {instantiation_template} [get_files /home/titan/jo/WORK/RISC-V/simple_RISC-V.srcs/sources_1/ip/IM/IM.xci]
INFO: [IP_Flow 19-1686] Generating 'Instantiation Template' target for IP 'IM'...
update_compile_order -fileset sources_1
generate_target all [get_files  /home/titan/jo/WORK/RISC-V/simple_RISC-V.srcs/sources_1/ip/IM/IM.xci]
INFO: [IP_Flow 19-1686] Generating 'Synthesis' target for IP 'IM'...
INFO: [IP_Flow 19-1686] Generating 'Simulation' target for IP 'IM'...
INFO: [IP_Flow 19-1686] Generating 'Miscellaneous' target for IP 'IM'...
INFO: [IP_Flow 19-1686] Generating 'Change Log' target for IP 'IM'...
catch { config_ip_cache -export [get_ips -all IM] }
INFO: [IP_Flow 19-6924] IPCACHE: Running cache check for IP inst: IM
INFO: [IP_Flow 19-6922] IPCACHE: Exporting cached entry 80b8c7fe4cd89d92 to dir: /home/titan/jo/WORK/RISC-V/simple_RISC-V.srcs/sources_1/ip/IM
INFO: [IP_Flow 19-6928] IPCACHE: copied cached file /home/titan/jo/WORK/RISC-V/simple_RISC-V.cache/ip/2022.2/8/0/80b8c7fe4cd89d92/PC_ROM_sim_netlist.vhdl to /home/titan/jo/WORK/RISC-V/simple_RISC-V.srcs/sources_1/ip/IM/IM_sim_netlist.vhdl.
INFO: [IP_Flow 19-6926] IPCACHE: added file to list for BOM: /home/titan/jo/WORK/RISC-V/simple_RISC-V.srcs/sources_1/ip/IM/IM_sim_netlist.vhdl
INFO: [IP_Flow 19-6928] IPCACHE: copied cached file /home/titan/jo/WORK/RISC-V/simple_RISC-V.cache/ip/2022.2/8/0/80b8c7fe4cd89d92/PC_ROM.dcp to /home/titan/jo/WORK/RISC-V/simple_RISC-V.srcs/sources_1/ip/IM/IM.dcp.
INFO: [IP_Flow 19-6926] IPCACHE: added file to list for BOM: /home/titan/jo/WORK/RISC-V/simple_RISC-V.srcs/sources_1/ip/IM/IM.dcp
INFO: [IP_Flow 19-6928] IPCACHE: copied cached file /home/titan/jo/WORK/RISC-V/simple_RISC-V.cache/ip/2022.2/8/0/80b8c7fe4cd89d92/PC_ROM_sim_netlist.v to /home/titan/jo/WORK/RISC-V/simple_RISC-V.srcs/sources_1/ip/IM/IM_sim_netlist.v.
INFO: [IP_Flow 19-6926] IPCACHE: added file to list for BOM: /home/titan/jo/WORK/RISC-V/simple_RISC-V.srcs/sources_1/ip/IM/IM_sim_netlist.v
INFO: [IP_Flow 19-6928] IPCACHE: copied cached file /home/titan/jo/WORK/RISC-V/simple_RISC-V.cache/ip/2022.2/8/0/80b8c7fe4cd89d92/PC_ROM_stub.v to /home/titan/jo/WORK/RISC-V/simple_RISC-V.srcs/sources_1/ip/IM/IM_stub.v.
INFO: [IP_Flow 19-6926] IPCACHE: added file to list for BOM: /home/titan/jo/WORK/RISC-V/simple_RISC-V.srcs/sources_1/ip/IM/IM_stub.v
INFO: [IP_Flow 19-6928] IPCACHE: copied cached file /home/titan/jo/WORK/RISC-V/simple_RISC-V.cache/ip/2022.2/8/0/80b8c7fe4cd89d92/PC_ROM_stub.vhdl to /home/titan/jo/WORK/RISC-V/simple_RISC-V.srcs/sources_1/ip/IM/IM_stub.vhdl.
INFO: [IP_Flow 19-6926] IPCACHE: added file to list for BOM: /home/titan/jo/WORK/RISC-V/simple_RISC-V.srcs/sources_1/ip/IM/IM_stub.vhdl
INFO: [IP_Flow 19-4993] Using cached IP synthesis design for IP IM, cache-ID = 80b8c7fe4cd89d92; cache size = 0.293 MB.
export_ip_user_files -of_objects [get_files /home/titan/jo/WORK/RISC-V/simple_RISC-V.srcs/sources_1/ip/IM/IM.xci] -no_script -sync -force -quiet
create_ip_run [get_files -of_objects [get_fileset sources_1] /home/titan/jo/WORK/RISC-V/simple_RISC-V.srcs/sources_1/ip/IM/IM.xci]
INFO: [Vivado 12-3453] The given sub-design is up-to-date, no action was taken.  If a run is still desired, use the '-force' option for the file:'/home/titan/jo/WORK/RISC-V/simple_RISC-V.srcs/sources_1/ip/IM/IM.xci'
export_simulation -of_objects [get_files /home/titan/jo/WORK/RISC-V/simple_RISC-V.srcs/sources_1/ip/IM/IM.xci] -directory /home/titan/jo/WORK/RISC-V/simple_RISC-V.ip_user_files/sim_scripts -ip_user_files_dir /home/titan/jo/WORK/RISC-V/simple_RISC-V.ip_user_files -ipstatic_source_dir /home/titan/jo/WORK/RISC-V/simple_RISC-V.ip_user_files/ipstatic -lib_map_path [list {modelsim=/home/titan/jo/WORK/RISC-V/simple_RISC-V.cache/compile_simlib/modelsim} {questa=/home/titan/jo/WORK/RISC-V/simple_RISC-V.cache/compile_simlib/questa} {xcelium=/home/titan/jo/WORK/RISC-V/simple_RISC-V.cache/compile_simlib/xcelium} {vcs=/home/titan/jo/WORK/RISC-V/simple_RISC-V.cache/compile_simlib/vcs} {riviera=/home/titan/jo/WORK/RISC-V/simple_RISC-V.cache/compile_simlib/riviera}] -use_ip_compiled_libs -force -quiet
update_compile_order -fileset sources_1
launch_simulation
Command: launch_simulation 
INFO: [Vivado 12-12493] Simulation top is 'tb'
INFO: [Vivado 12-12490] The selected simulation model for 'IM' IP changed to 'rtl' from '', the simulation run directory will be deleted.
WARNING: [Vivado 12-13277] Compiled library path does not exist: ''
INFO: [Vivado 12-5698] Checking validity of IPs in the design for the 'XSim' simulator...
INFO: [Vivado 12-5682] Launching behavioral simulation in '/home/titan/jo/WORK/RISC-V/simple_RISC-V.sim/sim_1/behav/xsim'
INFO: [Vivado 12-13660] Precompiled IP simulation library mode is enabled (default). The design IP libraries will be referenced from the compiled library path. Please note that if the precompiled version of the library is not found from the path or the IP is in locked state, then the library source files for these IPs will be compiled locally as part of the compile order.
INFO: [Vivado 12-4795] Using compiled simulation libraries for IPs
INFO: [SIM-utils-51] Simulation object is 'sim_1'
INFO: [SIM-utils-72] Using boost library from '/usr/local/packages/xilinx/Vivado/2022.2/tps/boost_1_72_0'
INFO: [USF-XSim-7] Finding pre-compiled libraries...
INFO: [USF-XSim-11] File '/usr/local/packages/xilinx/Vivado/2022.2/data/xsim/xsim.ini' copied to run dir:'/home/titan/jo/WORK/RISC-V/simple_RISC-V.sim/sim_1/behav/xsim'
INFO: [SIM-utils-54] Inspecting design source files for 'tb' in fileset 'sim_1'...
INFO: [SIM-utils-43] Exported '/home/titan/jo/WORK/RISC-V/simple_RISC-V.sim/sim_1/behav/xsim/ROM.coe'
INFO: [SIM-utils-43] Exported '/home/titan/jo/WORK/RISC-V/simple_RISC-V.sim/sim_1/behav/xsim/IM.mif'
INFO: [SIM-utils-43] Exported '/home/titan/jo/WORK/RISC-V/simple_RISC-V.sim/sim_1/behav/xsim/ROM.data'
INFO: [USF-XSim-97] Finding global include files...
INFO: [USF-XSim-98] Fetching design files from 'sim_1'...
INFO: [USF-XSim-2] XSim::Compile design
INFO: [USF-XSim-61] Executing 'COMPILE and ANALYZE' step in '/home/titan/jo/WORK/RISC-V/simple_RISC-V.sim/sim_1/behav/xsim'
xvlog --incr --relax -prj tb_vlog.prj
INFO: [VRFC 10-2263] Analyzing Verilog file "/home/titan/jo/WORK/RISC-V/simple_RISC-V.ip_user_files/ip/IM/sim/IM.v" into library xil_defaultlib
INFO: [VRFC 10-311] analyzing module IM
INFO: [VRFC 10-2263] Analyzing Verilog file "/home/titan/jo/WORK/RISC-V/Program_Counter.v" into library xil_defaultlib
INFO: [VRFC 10-311] analyzing module Program_Counter
INFO: [VRFC 10-2263] Analyzing Verilog file "/home/titan/jo/WORK/RISC-V/simple_RISC-V.srcs/sources_1/new/simple_RISC.v" into library xil_defaultlib
INFO: [VRFC 10-311] analyzing module simple_RISC
INFO: [VRFC 10-2263] Analyzing Verilog file "/home/titan/jo/WORK/RISC-V/simple_RISC-V.srcs/sim_1/new/tb.v" into library xil_defaultlib
INFO: [VRFC 10-311] analyzing module tb
INFO: [VRFC 10-2263] Analyzing Verilog file "/home/titan/jo/WORK/RISC-V/simple_RISC-V.sim/sim_1/behav/xsim/glbl.v" into library xil_defaultlib
INFO: [VRFC 10-311] analyzing module glbl
Waiting for jobs to finish...
No pending jobs, compilation finished.
INFO: [USF-XSim-69] 'compile' step finished in '4' seconds
INFO: [USF-XSim-3] XSim::Elaborate design
INFO: [USF-XSim-61] Executing 'ELABORATE' step in '/home/titan/jo/WORK/RISC-V/simple_RISC-V.sim/sim_1/behav/xsim'
xelab --incr --debug typical --relax --mt 8 -L xil_defaultlib -L blk_mem_gen_v8_4_5 -L unisims_ver -L unimacro_ver -L secureip -L xpm --snapshot tb_behav xil_defaultlib.tb xil_defaultlib.glbl -log elaborate.log
Vivado Simulator v2022.2
Copyright 1986-1999, 2001-2022 Xilinx, Inc. All Rights Reserved.
Running: /usr/local/packages/xilinx/Vivado/2022.2/bin/unwrapped/lnx64.o/xelab --incr --debug typical --relax --mt 8 -L xil_defaultlib -L blk_mem_gen_v8_4_5 -L unisims_ver -L unimacro_ver -L secureip -L xpm --snapshot tb_behav xil_defaultlib.tb xil_defaultlib.glbl -log elaborate.log 
Using 8 slave threads.
Starting static elaboration
Pass Through NonSizing Optimizer
WARNING: [VRFC 10-3091] actual bit length 32 differs from formal bit length 1 for port 'ena' [/home/titan/jo/WORK/RISC-V/simple_RISC-V.srcs/sources_1/new/simple_RISC.v:32]
Completed static elaboration
Starting simulation data flow analysis
Completed simulation data flow analysis
Time Resolution for simulation is 1ps
Compiling module xil_defaultlib.Program_Counter
Compiling module blk_mem_gen_v8_4_5.blk_mem_gen_v8_4_5_output_stage(...
Compiling module blk_mem_gen_v8_4_5.blk_mem_gen_v8_4_5_output_stage(...
Compiling module blk_mem_gen_v8_4_5.blk_mem_gen_v8_4_5_softecc_outpu...
Compiling module blk_mem_gen_v8_4_5.blk_mem_gen_v8_4_5_mem_module(C_...
Compiling module blk_mem_gen_v8_4_5.blk_mem_gen_v8_4_5(C_FAMILY="art...
Compiling module xil_defaultlib.IM
Compiling module xil_defaultlib.simple_RISC
Compiling module xil_defaultlib.tb
Compiling module xil_defaultlib.glbl
Built simulation snapshot tb_behav
execute_script: Time (s): cpu = 00:00:08 ; elapsed = 00:00:08 . Memory (MB): peak = 7367.723 ; gain = 0.000 ; free physical = 1391 ; free virtual = 111531
INFO: [USF-XSim-69] 'elaborate' step finished in '8' seconds
INFO: [USF-XSim-4] XSim::Simulate design
INFO: [USF-XSim-61] Executing 'SIMULATE' step in '/home/titan/jo/WORK/RISC-V/simple_RISC-V.sim/sim_1/behav/xsim'
INFO: [USF-XSim-98] *** Running xsim
   with args "tb_behav -key {Behavioral:sim_1:Functional:tb} -tclbatch {tb.tcl} -view {/home/titan/jo/WORK/RISC-V/tb_behav.wcfg} -log {simulate.log}"
INFO: [USF-XSim-8] Loading simulator feature
Time resolution is 1 ps
open_wave_config /home/titan/jo/WORK/RISC-V/tb_behav.wcfg
WARNING: Simulation object /tb/dut/pc_rom/addra was not found in the design.
WARNING: Simulation object /tb/dut/pc_rom/douta was not found in the design.
source tb.tcl
# set curr_wave [current_wave_config]
# if { [string length $curr_wave] == 0 } {
#   if { [llength [get_objects]] > 0} {
#     add_wave /
#     set_property needs_save false [current_wave_config]
#   } else {
#      send_msg_id Add_Wave-1 WARNING "No top level signals found. Simulator will start without a wave window. If you want to open a wave window go to 'File->New Waveform Configuration' or type 'create_wave_config' in the TCL console."
#   }
# }
# run 1000ns
 Block Memory Generator module loading initial data...
 Block Memory Generator data initialization complete.
Block Memory Generator module tb.dut.Instruction_Memory.inst.\native_mem_module.blk_mem_gen_v8_4_5_inst  is using a behavioral model for simulation which will not precisely model memory collision behavior.
xsim: Time (s): cpu = 00:00:09 ; elapsed = 00:00:11 . Memory (MB): peak = 7370.922 ; gain = 3.199 ; free physical = 1379 ; free virtual = 111520
INFO: [USF-XSim-96] XSim completed. Design snapshot 'tb_behav' loaded.
INFO: [USF-XSim-97] XSim simulation ran for 1000ns
launch_simulation: Time (s): cpu = 00:00:24 ; elapsed = 00:00:25 . Memory (MB): peak = 7370.922 ; gain = 3.199 ; free physical = 1379 ; free virtual = 111520
WARNING: [IP_Flow 19-4067] Ignoring invalid widget type specified checkbox.Providing a default widget
WARNING: [IP_Flow 19-4067] Ignoring invalid widget type specified checkbox.Providing a default widget
INFO: [IP_Flow 19-3484] Absolute path of file '/home/titan/jo/WORK/RISC-V/simple_RISC-V.srcs/sources_1/new/ROM.coe' provided. It will be converted relative to IP Instance files '../../../../simple_RISC-V.srcs/sources_1/new/ROM.coe'
