#-----------------------------------------------------------
# Vivado v2022.2 (64-bit)
# SW Build 3671981 on Fri Oct 14 04:59:54 MDT 2022
# IP Build 3669848 on Fri Oct 14 08:30:02 MDT 2022
# Start of session at: Thu Jan  5 16:24:11 2023
# Process ID: 18778
# Current directory: /home/titan/jo/WORK/RISC-V
# Command line: vivado
# Log file: /home/titan/jo/WORK/RISC-V/vivado.log
# Journal file: /home/titan/jo/WORK/RISC-V/vivado.jou
# Running On: saturn, OS: Linux, CPU Frequency: 1214.755 MHz, CPU Physical cores: 16, Host memory: 135114 MB
#-----------------------------------------------------------
start_gui
WARNING: [Board 49-26] cannot add Board Part xilinx.com:vek280_es:part0:1.0 available at /usr/local/packages/xilinx/Vivado/2022.2/data/xhub/boards/XilinxBoardStore/boards/Xilinx/vek280/es/1.0/board.xml as part xcve2802-vsvh1760-2lp-e-s-es1 specified in board_part file is either invalid or not available
WARNING: [Board 49-26] cannot add Board Part xilinx.com:vhk158_es:part0:1.0 available at /usr/local/packages/xilinx/Vivado/2022.2/data/xhub/boards/XilinxBoardStore/boards/Xilinx/vhk158/es/1.0/board.xml as part xcvh1582-vsva3697-2mp-e-s-es1 specified in board_part file is either invalid or not available
WARNING: [Board 49-26] cannot add Board Part xilinx.com:vpk120_es:part0:1.2 available at /usr/local/packages/xilinx/Vivado/2022.2/data/xhub/boards/XilinxBoardStore/boards/Xilinx/vpk120/es/1.2/board.xml as part xcvp1202-vsva2785-2mp-e-s-es1 specified in board_part file is either invalid or not available
WARNING: [Board 49-26] cannot add Board Part xilinx.com:vpk120_es_revb:part0:1.0 available at /usr/local/packages/xilinx/Vivado/2022.2/data/xhub/boards/XilinxBoardStore/boards/Xilinx/vpk120_revb/es/1.0/board.xml as part xcvp1202-vsva2785-2mp-e-s-es1 specified in board_part file is either invalid or not available
WARNING: [Board 49-26] cannot add Board Part xilinx.com:vpk180_es:part0:1.0 available at /usr/local/packages/xilinx/Vivado/2022.2/data/xhub/boards/XilinxBoardStore/boards/Xilinx/vpk180/es/1.0/board.xml as part xcvp1802-lsvc4072-2mp-e-s-es1 specified in board_part file is either invalid or not available
WARNING: [Board 49-26] cannot add Board Part xilinx.com:zcu208ld:part0:2.0 available at /usr/local/packages/xilinx/Vivado/2022.2/data/xhub/boards/XilinxBoardStore/boards/Xilinx/zcu208ld/production/2.0/board.xml as part xczu58dr-fsvg1517-2-i specified in board_part file is either invalid or not available
WARNING: [Board 49-26] cannot add Board Part xilinx.com:zcu216ld:part0:2.0 available at /usr/local/packages/xilinx/Vivado/2022.2/data/xhub/boards/XilinxBoardStore/boards/Xilinx/zcu216ld/production/2.0/board.xml as part xczu59dr-ffvf1760-2-i specified in board_part file is either invalid or not available
WARNING: [Board 49-26] cannot add Board Part xilinx.com:zcu670:part0:2.0 available at /usr/local/packages/xilinx/Vivado/2022.2/data/xhub/boards/XilinxBoardStore/boards/Xilinx/zcu670/2.0/board.xml as part xczu67dr-fsve1156-2-i specified in board_part file is either invalid or not available
WARNING: [Board 49-26] cannot add Board Part xilinx.com:zcu670ld:part0:1.0 available at /usr/local/packages/xilinx/Vivado/2022.2/data/xhub/boards/XilinxBoardStore/boards/Xilinx/zcu670ld/1.0/board.xml as part xczu57dr-fsve1156-2-i specified in board_part file is either invalid or not available
open_project /home/titan/jo/WORK/RISC-V/simple_RISC-V.xpr
Scanning sources...
Finished scanning sources
INFO: [IP_Flow 19-234] Refreshing IP repositories
INFO: [IP_Flow 19-1704] No user IP repositories specified
INFO: [IP_Flow 19-2313] Loaded Vivado IP repository '/usr/local/packages/xilinx/Vivado/2022.2/data/ip'.
open_project: Time (s): cpu = 00:00:18 ; elapsed = 00:00:06 . Memory (MB): peak = 6992.387 ; gain = 63.930 ; free physical = 3008 ; free virtual = 113044
update_compile_order -fileset sources_1
WARNING: [IP_Flow 19-4067] Ignoring invalid widget type specified checkbox.Providing a default widget
WARNING: [IP_Flow 19-4067] Ignoring invalid widget type specified checkbox.Providing a default widget
INFO: [IP_Flow 19-3484] Absolute path of file '/home/titan/jo/WORK/RISC-V/simple_RISC-V.srcs/sources_1/new/ROM.data' provided. It will be converted relative to IP Instance files '../../../../simple_RISC-V.srcs/sources_1/new/ROM.data'
INFO: [IP_Flow 19-3484] Absolute path of file '/home/titan/jo/WORK/RISC-V/simple_RISC-V.srcs/sources_1/new/ROM.coe' provided. It will be converted relative to IP Instance files '../../../../simple_RISC-V.srcs/sources_1/new/ROM.coe'
INFO: [IP_Flow 19-3484] Absolute path of file '/home/titan/jo/WORK/RISC-V/simple_RISC-V.srcs/sources_1/new/ROM.coe' provided. It will be converted relative to IP Instance files '../../../../simple_RISC-V.srcs/sources_1/new/ROM.coe'
INFO: [IP_Flow 19-3484] Absolute path of file '/home/titan/jo/WORK/RISC-V/simple_RISC-V.srcs/sources_1/new/ROM.coe' provided. It will be converted relative to IP Instance files '../../../../simple_RISC-V.srcs/sources_1/new/ROM.coe'
create_ip -name blk_mem_gen -vendor xilinx.com -library ip -version 8.4 -module_name PC_ROM
INFO: [filemgmt 56-101] Creating core container '/home/titan/jo/WORK/RISC-V/simple_RISC-V.srcs/sources_1/ip/PC_ROM.xcix' for IP 'PC_ROM'
set_property -dict [list \
  CONFIG.Coe_File {/home/titan/jo/WORK/RISC-V/simple_RISC-V.srcs/sources_1/new/ROM.coe} \
  CONFIG.Component_Name {PC_ROM} \
  CONFIG.Load_Init_File {true} \
  CONFIG.Memory_Type {Single_Port_ROM} \
  CONFIG.Write_Depth_A {32} \
  CONFIG.Write_Width_A {32} \
] [get_ips PC_ROM]
WARNING: [Vivado 12-3523] Attempt to change 'Component_Name' from 'PC_ROM' to 'PC_ROM' is not allowed and is ignored.
INFO: [IP_Flow 19-3484] Absolute path of file '/home/titan/jo/WORK/RISC-V/simple_RISC-V.srcs/sources_1/new/ROM.coe' provided. It will be converted relative to IP Instance files '../../new/ROM.coe'
generate_target {instantiation_template} [get_files /home/titan/jo/WORK/RISC-V/simple_RISC-V.srcs/sources_1/ip/PC_ROM/PC_ROM.xci]
INFO: [IP_Flow 19-1686] Generating 'Instantiation Template' target for IP 'PC_ROM'...
update_compile_order -fileset sources_1
generate_target all [get_files  /home/titan/jo/WORK/RISC-V/simple_RISC-V.srcs/sources_1/ip/PC_ROM/PC_ROM.xci]
INFO: [IP_Flow 19-1686] Generating 'Synthesis' target for IP 'PC_ROM'...
INFO: [IP_Flow 19-1686] Generating 'Simulation' target for IP 'PC_ROM'...
INFO: [IP_Flow 19-1686] Generating 'Miscellaneous' target for IP 'PC_ROM'...
INFO: [IP_Flow 19-1686] Generating 'Change Log' target for IP 'PC_ROM'...
catch { config_ip_cache -export [get_ips -all PC_ROM] }
INFO: [IP_Flow 19-6924] IPCACHE: Running cache check for IP inst: PC_ROM
export_ip_user_files -of_objects [get_files /home/titan/jo/WORK/RISC-V/simple_RISC-V.srcs/sources_1/ip/PC_ROM/PC_ROM.xci] -no_script -sync -force -quiet
create_ip_run [get_files -of_objects [get_fileset sources_1] /home/titan/jo/WORK/RISC-V/simple_RISC-V.srcs/sources_1/ip/PC_ROM/PC_ROM.xci]
launch_runs PC_ROM_synth_1 -jobs 16
INFO: [IP_Flow 19-6924] IPCACHE: Running cache check for IP inst: PC_ROM
[Thu Jan  5 16:47:26 2023] Launched PC_ROM_synth_1...
Run output will be captured here: /home/titan/jo/WORK/RISC-V/simple_RISC-V.runs/PC_ROM_synth_1/runme.log
export_simulation -of_objects [get_files /home/titan/jo/WORK/RISC-V/simple_RISC-V.srcs/sources_1/ip/PC_ROM/PC_ROM.xci] -directory /home/titan/jo/WORK/RISC-V/simple_RISC-V.ip_user_files/sim_scripts -ip_user_files_dir /home/titan/jo/WORK/RISC-V/simple_RISC-V.ip_user_files -ipstatic_source_dir /home/titan/jo/WORK/RISC-V/simple_RISC-V.ip_user_files/ipstatic -lib_map_path [list {modelsim=/home/titan/jo/WORK/RISC-V/simple_RISC-V.cache/compile_simlib/modelsim} {questa=/home/titan/jo/WORK/RISC-V/simple_RISC-V.cache/compile_simlib/questa} {xcelium=/home/titan/jo/WORK/RISC-V/simple_RISC-V.cache/compile_simlib/xcelium} {vcs=/home/titan/jo/WORK/RISC-V/simple_RISC-V.cache/compile_simlib/vcs} {riviera=/home/titan/jo/WORK/RISC-V/simple_RISC-V.cache/compile_simlib/riviera}] -use_ip_compiled_libs -force -quiet
WARNING: [IP_Flow 19-4067] Ignoring invalid widget type specified checkbox.Providing a default widget
WARNING: [IP_Flow 19-4067] Ignoring invalid widget type specified checkbox.Providing a default widget
launch_simulation
Command: launch_simulation 
INFO: [Vivado 12-12493] Simulation top is 'tb'
WARNING: [Vivado 12-13277] Compiled library path does not exist: ''
INFO: [Vivado 12-5698] Checking validity of IPs in the design for the 'XSim' simulator...
INFO: [Vivado 12-5682] Launching behavioral simulation in '/home/titan/jo/WORK/RISC-V/simple_RISC-V.sim/sim_1/behav/xsim'
INFO: [Vivado 12-4795] Using compiled simulation libraries for IPs
INFO: [SIM-utils-51] Simulation object is 'sim_1'
INFO: [SIM-utils-72] Using boost library from '/usr/local/packages/xilinx/Vivado/2022.2/tps/boost_1_72_0'
INFO: [USF-XSim-7] Finding pre-compiled libraries...
INFO: [USF-XSim-11] File '/usr/local/packages/xilinx/Vivado/2022.2/data/xsim/xsim.ini' copied to run dir:'/home/titan/jo/WORK/RISC-V/simple_RISC-V.sim/sim_1/behav/xsim'
INFO: [SIM-utils-54] Inspecting design source files for 'tb' in fileset 'sim_1'...
INFO: [SIM-utils-43] Exported '/home/titan/jo/WORK/RISC-V/simple_RISC-V.sim/sim_1/behav/xsim/ROM.coe'
INFO: [SIM-utils-43] Exported '/home/titan/jo/WORK/RISC-V/simple_RISC-V.sim/sim_1/behav/xsim/PC_ROM.mif'
INFO: [SIM-utils-43] Exported '/home/titan/jo/WORK/RISC-V/simple_RISC-V.sim/sim_1/behav/xsim/ROM.data'
INFO: [USF-XSim-97] Finding global include files...
INFO: [USF-XSim-98] Fetching design files from 'sim_1'...
INFO: [USF-XSim-2] XSim::Compile design
INFO: [USF-XSim-61] Executing 'COMPILE and ANALYZE' step in '/home/titan/jo/WORK/RISC-V/simple_RISC-V.sim/sim_1/behav/xsim'
xvlog --incr --relax -prj tb_vlog.prj
INFO: [VRFC 10-2263] Analyzing Verilog file "/home/titan/jo/WORK/RISC-V/simple_RISC-V.ip_user_files/ip/PC_ROM/sim/PC_ROM.v" into library xil_defaultlib
INFO: [VRFC 10-311] analyzing module PC_ROM
INFO: [VRFC 10-2263] Analyzing Verilog file "/home/titan/jo/WORK/RISC-V/simple_RISC-V.srcs/sources_1/new/Pc_Rom.v" into library xil_defaultlib
INFO: [VRFC 10-311] analyzing module Pc_Rom
INFO: [VRFC 10-311] analyzing module PC_ROM_blk_mem_gen_generic_cstr
INFO: [VRFC 10-311] analyzing module PC_ROM_blk_mem_gen_prim_width
INFO: [VRFC 10-311] analyzing module PC_ROM_blk_mem_gen_prim_wrapper
INFO: [VRFC 10-311] analyzing module PC_ROM_blk_mem_gen_top
INFO: [VRFC 10-311] analyzing module PC_ROM_blk_mem_gen_v8_4_5
INFO: [VRFC 10-311] analyzing module PC_ROM_blk_mem_gen_v8_4_5_synth
INFO: [VRFC 10-311] analyzing module glbl
INFO: [VRFC 10-2263] Analyzing Verilog file "/home/titan/jo/WORK/RISC-V/Program_Counter.v" into library xil_defaultlib
INFO: [VRFC 10-311] analyzing module Program_Counter
INFO: [VRFC 10-2263] Analyzing Verilog file "/home/titan/jo/WORK/RISC-V/simple_RISC-V.srcs/sources_1/new/simple_RISC.v" into library xil_defaultlib
INFO: [VRFC 10-311] analyzing module simple_RISC
INFO: [VRFC 10-2263] Analyzing Verilog file "/home/titan/jo/WORK/RISC-V/simple_RISC-V.srcs/sim_1/new/tb.v" into library xil_defaultlib
INFO: [VRFC 10-311] analyzing module tb
INFO: [VRFC 10-2263] Analyzing Verilog file "/home/titan/jo/WORK/RISC-V/simple_RISC-V.sim/sim_1/behav/xsim/glbl.v" into library xil_defaultlib
INFO: [VRFC 10-311] analyzing module glbl
WARNING: [VRFC 10-3609] overwriting previous definition of module 'glbl' [/home/titan/jo/WORK/RISC-V/simple_RISC-V.sim/sim_1/behav/xsim/glbl.v:6]
Waiting for jobs to finish...
No pending jobs, compilation finished.
INFO: [USF-XSim-69] 'compile' step finished in '3' seconds
INFO: [USF-XSim-3] XSim::Elaborate design
INFO: [USF-XSim-61] Executing 'ELABORATE' step in '/home/titan/jo/WORK/RISC-V/simple_RISC-V.sim/sim_1/behav/xsim'
xelab --incr --debug typical --relax --mt 8 -L xil_defaultlib -L blk_mem_gen_v8_4_5 -L unisims_ver -L unimacro_ver -L secureip -L xpm --snapshot tb_behav xil_defaultlib.tb xil_defaultlib.glbl -log elaborate.log
Vivado Simulator v2022.2
Copyright 1986-1999, 2001-2022 Xilinx, Inc. All Rights Reserved.
Running: /usr/local/packages/xilinx/Vivado/2022.2/bin/unwrapped/lnx64.o/xelab --incr --debug typical --relax --mt 8 -L xil_defaultlib -L blk_mem_gen_v8_4_5 -L unisims_ver -L unimacro_ver -L secureip -L xpm --snapshot tb_behav xil_defaultlib.tb xil_defaultlib.glbl -log elaborate.log 
Using 8 slave threads.
Starting static elaboration
Pass Through NonSizing Optimizer
WARNING: [VRFC 10-3091] actual bit length 1 differs from formal bit length 32 for port 'out_data' [/home/titan/jo/WORK/RISC-V/simple_RISC-V.srcs/sim_1/new/tb.v:27]
WARNING: [VRFC 10-3091] actual bit length 32 differs from formal bit length 1 for port 'ena' [/home/titan/jo/WORK/RISC-V/simple_RISC-V.srcs/sources_1/new/simple_RISC.v:32]
Completed static elaboration
Starting simulation data flow analysis
Completed simulation data flow analysis
Time Resolution for simulation is 1ps
Compiling module xil_defaultlib.Program_Counter
Compiling module blk_mem_gen_v8_4_5.blk_mem_gen_v8_4_5_output_stage(...
Compiling module blk_mem_gen_v8_4_5.blk_mem_gen_v8_4_5_output_stage(...
Compiling module blk_mem_gen_v8_4_5.blk_mem_gen_v8_4_5_softecc_outpu...
Compiling module blk_mem_gen_v8_4_5.blk_mem_gen_v8_4_5_mem_module(C_...
Compiling module blk_mem_gen_v8_4_5.blk_mem_gen_v8_4_5(C_FAMILY="art...
Compiling module xil_defaultlib.PC_ROM
Compiling module xil_defaultlib.simple_RISC
Compiling module xil_defaultlib.tb
Compiling module xil_defaultlib.glbl
Built simulation snapshot tb_behav
execute_script: Time (s): cpu = 00:00:09 ; elapsed = 00:00:09 . Memory (MB): peak = 7430.691 ; gain = 0.000 ; free physical = 2848 ; free virtual = 112978
INFO: [USF-XSim-69] 'elaborate' step finished in '9' seconds
INFO: [USF-XSim-4] XSim::Simulate design
INFO: [USF-XSim-61] Executing 'SIMULATE' step in '/home/titan/jo/WORK/RISC-V/simple_RISC-V.sim/sim_1/behav/xsim'
INFO: [USF-XSim-98] *** Running xsim
   with args "tb_behav -key {Behavioral:sim_1:Functional:tb} -tclbatch {tb.tcl} -view {/home/titan/jo/WORK/RISC-V/tb_behav.wcfg} -log {simulate.log}"
INFO: [USF-XSim-8] Loading simulator feature
Time resolution is 1 ps
open_wave_config /home/titan/jo/WORK/RISC-V/tb_behav.wcfg
source tb.tcl
# set curr_wave [current_wave_config]
# if { [string length $curr_wave] == 0 } {
#   if { [llength [get_objects]] > 0} {
#     add_wave /
#     set_property needs_save false [current_wave_config]
#   } else {
#      send_msg_id Add_Wave-1 WARNING "No top level signals found. Simulator will start without a wave window. If you want to open a wave window go to 'File->New Waveform Configuration' or type 'create_wave_config' in the TCL console."
#   }
# }
# run 1000ns
 Block Memory Generator module loading initial data...
 Block Memory Generator data initialization complete.
Block Memory Generator module tb.dut.pc_rom.inst.\native_mem_module.blk_mem_gen_v8_4_5_inst  is using a behavioral model for simulation which will not precisely model memory collision behavior.
xsim: Time (s): cpu = 00:00:08 ; elapsed = 00:00:11 . Memory (MB): peak = 7430.691 ; gain = 0.000 ; free physical = 2818 ; free virtual = 112948
INFO: [USF-XSim-96] XSim completed. Design snapshot 'tb_behav' loaded.
INFO: [USF-XSim-97] XSim simulation ran for 1000ns
launch_simulation: Time (s): cpu = 00:00:23 ; elapsed = 00:00:27 . Memory (MB): peak = 7430.691 ; gain = 0.000 ; free physical = 2818 ; free virtual = 112948
save_wave_config {/home/titan/jo/WORK/RISC-V/tb_behav.wcfg}
close_sim
INFO: [Simtcl 6-16] Simulation closed
launch_simulation
Command: launch_simulation 
INFO: [Vivado 12-12493] Simulation top is 'tb'
WARNING: [Vivado 12-13277] Compiled library path does not exist: ''
INFO: [Vivado 12-5698] Checking validity of IPs in the design for the 'XSim' simulator...
INFO: [Vivado 12-5682] Launching behavioral simulation in '/home/titan/jo/WORK/RISC-V/simple_RISC-V.sim/sim_1/behav/xsim'
INFO: [Vivado 12-4795] Using compiled simulation libraries for IPs
INFO: [SIM-utils-51] Simulation object is 'sim_1'
INFO: [SIM-utils-72] Using boost library from '/usr/local/packages/xilinx/Vivado/2022.2/tps/boost_1_72_0'
INFO: [USF-XSim-7] Finding pre-compiled libraries...
INFO: [USF-XSim-11] File '/usr/local/packages/xilinx/Vivado/2022.2/data/xsim/xsim.ini' copied to run dir:'/home/titan/jo/WORK/RISC-V/simple_RISC-V.sim/sim_1/behav/xsim'
INFO: [SIM-utils-54] Inspecting design source files for 'tb' in fileset 'sim_1'...
INFO: [SIM-utils-43] Exported '/home/titan/jo/WORK/RISC-V/simple_RISC-V.sim/sim_1/behav/xsim/ROM.coe'
INFO: [SIM-utils-43] Exported '/home/titan/jo/WORK/RISC-V/simple_RISC-V.sim/sim_1/behav/xsim/PC_ROM.mif'
INFO: [SIM-utils-43] Exported '/home/titan/jo/WORK/RISC-V/simple_RISC-V.sim/sim_1/behav/xsim/ROM.data'
INFO: [USF-XSim-97] Finding global include files...
INFO: [USF-XSim-98] Fetching design files from 'sim_1'...
INFO: [USF-XSim-2] XSim::Compile design
INFO: [USF-XSim-61] Executing 'COMPILE and ANALYZE' step in '/home/titan/jo/WORK/RISC-V/simple_RISC-V.sim/sim_1/behav/xsim'
xvlog --incr --relax -prj tb_vlog.prj
INFO: [VRFC 10-2263] Analyzing Verilog file "/home/titan/jo/WORK/RISC-V/simple_RISC-V.ip_user_files/ip/PC_ROM/sim/PC_ROM.v" into library xil_defaultlib
INFO: [VRFC 10-311] analyzing module PC_ROM
INFO: [VRFC 10-2263] Analyzing Verilog file "/home/titan/jo/WORK/RISC-V/simple_RISC-V.srcs/sources_1/new/Pc_Rom.v" into library xil_defaultlib
INFO: [VRFC 10-311] analyzing module Pc_Rom
INFO: [VRFC 10-311] analyzing module PC_ROM_blk_mem_gen_generic_cstr
INFO: [VRFC 10-311] analyzing module PC_ROM_blk_mem_gen_prim_width
INFO: [VRFC 10-311] analyzing module PC_ROM_blk_mem_gen_prim_wrapper
INFO: [VRFC 10-311] analyzing module PC_ROM_blk_mem_gen_top
INFO: [VRFC 10-311] analyzing module PC_ROM_blk_mem_gen_v8_4_5
INFO: [VRFC 10-311] analyzing module PC_ROM_blk_mem_gen_v8_4_5_synth
INFO: [VRFC 10-311] analyzing module glbl
INFO: [VRFC 10-2263] Analyzing Verilog file "/home/titan/jo/WORK/RISC-V/Program_Counter.v" into library xil_defaultlib
INFO: [VRFC 10-311] analyzing module Program_Counter
INFO: [VRFC 10-2263] Analyzing Verilog file "/home/titan/jo/WORK/RISC-V/simple_RISC-V.srcs/sources_1/new/simple_RISC.v" into library xil_defaultlib
INFO: [VRFC 10-311] analyzing module simple_RISC
INFO: [VRFC 10-2263] Analyzing Verilog file "/home/titan/jo/WORK/RISC-V/simple_RISC-V.srcs/sim_1/new/tb.v" into library xil_defaultlib
INFO: [VRFC 10-311] analyzing module tb
Waiting for jobs to finish...
No pending jobs, compilation finished.
INFO: [USF-XSim-69] 'compile' step finished in '4' seconds
INFO: [USF-XSim-3] XSim::Elaborate design
INFO: [USF-XSim-61] Executing 'ELABORATE' step in '/home/titan/jo/WORK/RISC-V/simple_RISC-V.sim/sim_1/behav/xsim'
xelab --incr --debug typical --relax --mt 8 -L xil_defaultlib -L blk_mem_gen_v8_4_5 -L unisims_ver -L unimacro_ver -L secureip -L xpm --snapshot tb_behav xil_defaultlib.tb xil_defaultlib.glbl -log elaborate.log
Vivado Simulator v2022.2
Copyright 1986-1999, 2001-2022 Xilinx, Inc. All Rights Reserved.
Running: /usr/local/packages/xilinx/Vivado/2022.2/bin/unwrapped/lnx64.o/xelab --incr --debug typical --relax --mt 8 -L xil_defaultlib -L blk_mem_gen_v8_4_5 -L unisims_ver -L unimacro_ver -L secureip -L xpm --snapshot tb_behav xil_defaultlib.tb xil_defaultlib.glbl -log elaborate.log 
Using 8 slave threads.
Starting static elaboration
Pass Through NonSizing Optimizer
WARNING: [VRFC 10-3091] actual bit length 32 differs from formal bit length 1 for port 'ena' [/home/titan/jo/WORK/RISC-V/simple_RISC-V.srcs/sources_1/new/simple_RISC.v:32]
Completed static elaboration
Starting simulation data flow analysis
Completed simulation data flow analysis
Time Resolution for simulation is 1ps
Compiling module xil_defaultlib.Program_Counter
Compiling module blk_mem_gen_v8_4_5.blk_mem_gen_v8_4_5_output_stage(...
Compiling module blk_mem_gen_v8_4_5.blk_mem_gen_v8_4_5_output_stage(...
Compiling module blk_mem_gen_v8_4_5.blk_mem_gen_v8_4_5_softecc_outpu...
Compiling module blk_mem_gen_v8_4_5.blk_mem_gen_v8_4_5_mem_module(C_...
Compiling module blk_mem_gen_v8_4_5.blk_mem_gen_v8_4_5(C_FAMILY="art...
Compiling module xil_defaultlib.PC_ROM
Compiling module xil_defaultlib.simple_RISC
Compiling module xil_defaultlib.tb
Compiling module xil_defaultlib.glbl
Built simulation snapshot tb_behav
execute_script: Time (s): cpu = 00:00:09 ; elapsed = 00:00:09 . Memory (MB): peak = 7430.691 ; gain = 0.000 ; free physical = 2818 ; free virtual = 112949
INFO: [USF-XSim-69] 'elaborate' step finished in '9' seconds
INFO: [USF-XSim-4] XSim::Simulate design
INFO: [USF-XSim-61] Executing 'SIMULATE' step in '/home/titan/jo/WORK/RISC-V/simple_RISC-V.sim/sim_1/behav/xsim'
INFO: [USF-XSim-98] *** Running xsim
   with args "tb_behav -key {Behavioral:sim_1:Functional:tb} -tclbatch {tb.tcl} -view {/home/titan/jo/WORK/RISC-V/tb_behav.wcfg} -log {simulate.log}"
INFO: [USF-XSim-8] Loading simulator feature
Time resolution is 1 ps
open_wave_config /home/titan/jo/WORK/RISC-V/tb_behav.wcfg
source tb.tcl
# set curr_wave [current_wave_config]
# if { [string length $curr_wave] == 0 } {
#   if { [llength [get_objects]] > 0} {
#     add_wave /
#     set_property needs_save false [current_wave_config]
#   } else {
#      send_msg_id Add_Wave-1 WARNING "No top level signals found. Simulator will start without a wave window. If you want to open a wave window go to 'File->New Waveform Configuration' or type 'create_wave_config' in the TCL console."
#   }
# }
# run 1000ns
 Block Memory Generator module loading initial data...
 Block Memory Generator data initialization complete.
Block Memory Generator module tb.dut.pc_rom.inst.\native_mem_module.blk_mem_gen_v8_4_5_inst  is using a behavioral model for simulation which will not precisely model memory collision behavior.
xsim: Time (s): cpu = 00:00:05 ; elapsed = 00:00:11 . Memory (MB): peak = 7430.691 ; gain = 0.000 ; free physical = 2812 ; free virtual = 112943
INFO: [USF-XSim-96] XSim completed. Design snapshot 'tb_behav' loaded.
INFO: [USF-XSim-97] XSim simulation ran for 1000ns
launch_simulation: Time (s): cpu = 00:00:18 ; elapsed = 00:00:25 . Memory (MB): peak = 7430.691 ; gain = 0.000 ; free physical = 2813 ; free virtual = 112943
WARNING: [IP_Flow 19-4067] Ignoring invalid widget type specified checkbox.Providing a default widget
WARNING: [IP_Flow 19-4067] Ignoring invalid widget type specified checkbox.Providing a default widget
WARNING: [IP_Flow 19-4067] Ignoring invalid widget type specified checkbox.Providing a default widget
WARNING: [IP_Flow 19-4067] Ignoring invalid widget type specified checkbox.Providing a default widget
