#-----------------------------------------------------------
# Vivado v2018.3 (64-bit)
# SW Build 2405991 on Thu Dec  6 23:38:27 MST 2018
# IP Build 2404404 on Fri Dec  7 01:43:56 MST 2018
# Start of session at: Tue Dec 20 15:14:29 2022
# Process ID: 15612
# Current directory: C:/Project/ProgramCounter
# Command line: vivado.exe -gui_launcher_event rodinguilauncherevent2732 C:\Project\ProgramCounter\ProgramCounter.xpr
# Log file: C:/Project/ProgramCounter/vivado.log
# Journal file: C:/Project/ProgramCounter\vivado.jou
#-----------------------------------------------------------
start_gui
open_project C:/Project/ProgramCounter/ProgramCounter.xpr
Scanning sources...
Finished scanning sources
INFO: [IP_Flow 19-234] Refreshing IP repositories
INFO: [IP_Flow 19-1704] No user IP repositories specified
INFO: [IP_Flow 19-2313] Loaded Vivado IP repository 'C:/Xilinx/Vivado/2018.3/data/ip'.
open_project: Time (s): cpu = 00:00:28 ; elapsed = 00:00:14 . Memory (MB): peak = 667.723 ; gain = 106.543
update_compile_order -fileset sources_1
add_files -norecurse C:/Project/reg_file.v
update_compile_order -fileset sources_1
export_ip_user_files -of_objects  [get_files C:/Project/reg_file.v] -no_script -reset -force -quiet
remove_files  C:/Project/reg_file.v
add_files -norecurse C:/Project/ProgramCounter/ProgramCounter.srcs/sources_1/new/reg_file.v
update_compile_order -fileset sources_1
add_files -norecurse C:/Project/ProgramCounter/ProgramCounter.srcs/sources_1/new/reg_ex.data
launch_simulation
INFO: [Vivado 12-5682] Launching behavioral simulation in 'C:/Project/ProgramCounter/ProgramCounter.sim/sim_1/behav/xsim'
INFO: [SIM-utils-51] Simulation object is 'sim_1'
INFO: [SIM-utils-54] Inspecting design source files for 'tb' in fileset 'sim_1'...
INFO: [SIM-utils-43] Exported 'C:/Project/ProgramCounter/ProgramCounter.sim/sim_1/behav/xsim/reg_ex.data'
INFO: [USF-XSim-97] Finding global include files...
INFO: [USF-XSim-98] Fetching design files from 'sim_1'...
INFO: [USF-XSim-2] XSim::Compile design
INFO: [USF-XSim-61] Executing 'COMPILE and ANALYZE' step in 'C:/Project/ProgramCounter/ProgramCounter.sim/sim_1/behav/xsim'
"xvlog --incr --relax -prj tb_vlog.prj"
INFO: [VRFC 10-2263] Analyzing Verilog file "C:/Project/ProgramCounter/ProgramCounter.srcs/sources_1/new/Program_Counter.v" into library xil_defaultlib
INFO: [VRFC 10-311] analyzing module Program_Counter
INFO: [VRFC 10-2263] Analyzing Verilog file "C:/Project/ProgramCounter/ProgramCounter.srcs/sim_1/new/tb.v" into library xil_defaultlib
INFO: [VRFC 10-311] analyzing module tb
INFO: [USF-XSim-69] 'compile' step finished in '3' seconds
INFO: [USF-XSim-3] XSim::Elaborate design
INFO: [USF-XSim-61] Executing 'ELABORATE' step in 'C:/Project/ProgramCounter/ProgramCounter.sim/sim_1/behav/xsim'
Vivado Simulator 2018.3
Copyright 1986-1999, 2001-2018 Xilinx, Inc. All Rights Reserved.
Running: C:/Xilinx/Vivado/2018.3/bin/unwrapped/win64.o/xelab.exe -wto 82f895884387416e8498ca23c07d5ae9 --incr --debug typical --relax --mt 2 -L xil_defaultlib -L unisims_ver -L unimacro_ver -L secureip --snapshot tb_behav xil_defaultlib.tb xil_defaultlib.glbl -log elaborate.log 
Using 2 slave threads.
Starting static elaboration
Completed static elaboration
Starting simulation data flow analysis
Completed simulation data flow analysis
Time Resolution for simulation is 1ps
Compiling module xil_defaultlib.Program_Counter
Compiling module xil_defaultlib.tb
Compiling module xil_defaultlib.glbl
Built simulation snapshot tb_behav

****** Webtalk v2018.3 (64-bit)
  **** SW Build 2405991 on Thu Dec  6 23:38:27 MST 2018
  **** IP Build 2404404 on Fri Dec  7 01:43:56 MST 2018
    ** Copyright 1986-2018 Xilinx, Inc. All Rights Reserved.

source C:/Project/ProgramCounter/ProgramCounter.sim/sim_1/behav/xsim/xsim.dir/tb_behav/webtalk/xsim_webtalk.tcl -notrace
INFO: [Common 17-206] Exiting Webtalk at Tue Dec 20 15:53:06 2022...
run_program: Time (s): cpu = 00:00:01 ; elapsed = 00:00:08 . Memory (MB): peak = 743.895 ; gain = 0.000
INFO: [USF-XSim-69] 'elaborate' step finished in '8' seconds
INFO: [USF-XSim-4] XSim::Simulate design
INFO: [USF-XSim-61] Executing 'SIMULATE' step in 'C:/Project/ProgramCounter/ProgramCounter.sim/sim_1/behav/xsim'
INFO: [USF-XSim-98] *** Running xsim
   with args "tb_behav -key {Behavioral:sim_1:Functional:tb} -tclbatch {tb.tcl} -log {simulate.log}"
INFO: [USF-XSim-8] Loading simulator feature
Vivado Simulator 2018.3
Time resolution is 1 ps
source tb.tcl
# set curr_wave [current_wave_config]
# if { [string length $curr_wave] == 0 } {
#   if { [llength [get_objects]] > 0} {
#     add_wave /
#     set_property needs_save false [current_wave_config]
#   } else {
#      send_msg_id Add_Wave-1 WARNING "No top level signals found. Simulator will start without a wave window. If you want to open a wave window go to 'File->New Waveform Configuration' or type 'create_wave_config' in the TCL console."
#   }
# }
# run 1000ns
xsim: Time (s): cpu = 00:00:14 ; elapsed = 00:00:09 . Memory (MB): peak = 756.773 ; gain = 12.879
INFO: [USF-XSim-96] XSim completed. Design snapshot 'tb_behav' loaded.
INFO: [USF-XSim-97] XSim simulation ran for 1000ns
launch_simulation: Time (s): cpu = 00:00:19 ; elapsed = 00:00:22 . Memory (MB): peak = 756.773 ; gain = 12.879
close_sim
INFO: [Simtcl 6-16] Simulation closed
close_sim: Time (s): cpu = 00:00:02 ; elapsed = 00:00:06 . Memory (MB): peak = 784.828 ; gain = 0.000
launch_simulation
INFO: [Vivado 12-5682] Launching behavioral simulation in 'C:/Project/ProgramCounter/ProgramCounter.sim/sim_1/behav/xsim'
INFO: [SIM-utils-51] Simulation object is 'sim_1'
INFO: [SIM-utils-54] Inspecting design source files for 'tb' in fileset 'sim_1'...
INFO: [SIM-utils-43] Exported 'C:/Project/ProgramCounter/ProgramCounter.sim/sim_1/behav/xsim/reg_ex.data'
INFO: [USF-XSim-97] Finding global include files...
INFO: [USF-XSim-98] Fetching design files from 'sim_1'...
INFO: [USF-XSim-2] XSim::Compile design
INFO: [USF-XSim-61] Executing 'COMPILE and ANALYZE' step in 'C:/Project/ProgramCounter/ProgramCounter.sim/sim_1/behav/xsim'
"xvlog --incr --relax -prj tb_vlog.prj"
INFO: [VRFC 10-2263] Analyzing Verilog file "C:/Project/ProgramCounter/ProgramCounter.srcs/sources_1/new/Program_Counter.v" into library xil_defaultlib
INFO: [VRFC 10-311] analyzing module Program_Counter
INFO: [VRFC 10-2263] Analyzing Verilog file "C:/Project/ProgramCounter/ProgramCounter.srcs/sources_1/new/reg_file.v" into library xil_defaultlib
INFO: [VRFC 10-311] analyzing module reg_file
INFO: [VRFC 10-2263] Analyzing Verilog file "C:/Project/ProgramCounter/ProgramCounter.srcs/sim_1/new/tb.v" into library xil_defaultlib
INFO: [VRFC 10-311] analyzing module tb
ERROR: [VRFC 10-3163] cannot assign to non-variable 'reg_0' [C:/Project/ProgramCounter/ProgramCounter.srcs/sim_1/new/tb.v:43]
ERROR: [VRFC 10-1280] procedural assignment to a non-register reg_0 is not permitted, left-hand side should be reg/integer/time/genvar [C:/Project/ProgramCounter/ProgramCounter.srcs/sim_1/new/tb.v:43]
ERROR: [VRFC 10-2951] 'i' is not a constant [C:/Project/ProgramCounter/ProgramCounter.srcs/sim_1/new/tb.v:43]
ERROR: [VRFC 10-3000] 'reg_0' is not valid in an expression [C:/Project/ProgramCounter/ProgramCounter.srcs/sim_1/new/tb.v:43]
ERROR: [VRFC 10-2865] module 'tb' ignored due to previous errors [C:/Project/ProgramCounter/ProgramCounter.srcs/sim_1/new/tb.v:23]
INFO: [USF-XSim-69] 'compile' step finished in '2' seconds
INFO: [USF-XSim-99] Step results log file:'C:/Project/ProgramCounter/ProgramCounter.sim/sim_1/behav/xsim/xvlog.log'
ERROR: [USF-XSim-62] 'compile' step failed with error(s). Please check the Tcl console output or 'C:/Project/ProgramCounter/ProgramCounter.sim/sim_1/behav/xsim/xvlog.log' file for more information.
ERROR: [Vivado 12-4473] Detected error while running simulation. Please correct the issue and retry this operation.
ERROR: [Common 17-39] 'launch_simulation' failed due to earlier errors.
launch_simulation
INFO: [Vivado 12-5682] Launching behavioral simulation in 'C:/Project/ProgramCounter/ProgramCounter.sim/sim_1/behav/xsim'
INFO: [SIM-utils-51] Simulation object is 'sim_1'
INFO: [SIM-utils-54] Inspecting design source files for 'tb' in fileset 'sim_1'...
INFO: [SIM-utils-43] Exported 'C:/Project/ProgramCounter/ProgramCounter.sim/sim_1/behav/xsim/reg_ex.data'
INFO: [USF-XSim-97] Finding global include files...
INFO: [USF-XSim-98] Fetching design files from 'sim_1'...
INFO: [USF-XSim-2] XSim::Compile design
INFO: [USF-XSim-61] Executing 'COMPILE and ANALYZE' step in 'C:/Project/ProgramCounter/ProgramCounter.sim/sim_1/behav/xsim'
"xvlog --incr --relax -prj tb_vlog.prj"
INFO: [VRFC 10-2263] Analyzing Verilog file "C:/Project/ProgramCounter/ProgramCounter.srcs/sources_1/new/Program_Counter.v" into library xil_defaultlib
INFO: [VRFC 10-311] analyzing module Program_Counter
INFO: [VRFC 10-2263] Analyzing Verilog file "C:/Project/ProgramCounter/ProgramCounter.srcs/sources_1/new/reg_file.v" into library xil_defaultlib
INFO: [VRFC 10-311] analyzing module reg_file
INFO: [VRFC 10-2263] Analyzing Verilog file "C:/Project/ProgramCounter/ProgramCounter.srcs/sim_1/new/tb.v" into library xil_defaultlib
INFO: [VRFC 10-311] analyzing module tb
ERROR: [VRFC 10-3163] cannot assign to non-variable 'reg_0' [C:/Project/ProgramCounter/ProgramCounter.srcs/sim_1/new/tb.v:43]
ERROR: [VRFC 10-1280] procedural assignment to a non-register reg_0 is not permitted, left-hand side should be reg/integer/time/genvar [C:/Project/ProgramCounter/ProgramCounter.srcs/sim_1/new/tb.v:43]
ERROR: [VRFC 10-2951] 'i' is not a constant [C:/Project/ProgramCounter/ProgramCounter.srcs/sim_1/new/tb.v:43]
ERROR: [VRFC 10-3000] 'reg_0' is not valid in an expression [C:/Project/ProgramCounter/ProgramCounter.srcs/sim_1/new/tb.v:43]
ERROR: [VRFC 10-2865] module 'tb' ignored due to previous errors [C:/Project/ProgramCounter/ProgramCounter.srcs/sim_1/new/tb.v:23]
INFO: [USF-XSim-69] 'compile' step finished in '3' seconds
INFO: [USF-XSim-99] Step results log file:'C:/Project/ProgramCounter/ProgramCounter.sim/sim_1/behav/xsim/xvlog.log'
ERROR: [USF-XSim-62] 'compile' step failed with error(s). Please check the Tcl console output or 'C:/Project/ProgramCounter/ProgramCounter.sim/sim_1/behav/xsim/xvlog.log' file for more information.
ERROR: [Vivado 12-4473] Detected error while running simulation. Please correct the issue and retry this operation.
ERROR: [Common 17-39] 'launch_simulation' failed due to earlier errors.
launch_simulation
INFO: [Vivado 12-5682] Launching behavioral simulation in 'C:/Project/ProgramCounter/ProgramCounter.sim/sim_1/behav/xsim'
INFO: [SIM-utils-51] Simulation object is 'sim_1'
INFO: [SIM-utils-54] Inspecting design source files for 'tb' in fileset 'sim_1'...
INFO: [SIM-utils-43] Exported 'C:/Project/ProgramCounter/ProgramCounter.sim/sim_1/behav/xsim/reg_ex.data'
INFO: [USF-XSim-97] Finding global include files...
INFO: [USF-XSim-98] Fetching design files from 'sim_1'...
INFO: [USF-XSim-2] XSim::Compile design
INFO: [USF-XSim-61] Executing 'COMPILE and ANALYZE' step in 'C:/Project/ProgramCounter/ProgramCounter.sim/sim_1/behav/xsim'
"xvlog --incr --relax -prj tb_vlog.prj"
INFO: [VRFC 10-2263] Analyzing Verilog file "C:/Project/ProgramCounter/ProgramCounter.srcs/sources_1/new/Program_Counter.v" into library xil_defaultlib
INFO: [VRFC 10-311] analyzing module Program_Counter
INFO: [VRFC 10-2263] Analyzing Verilog file "C:/Project/ProgramCounter/ProgramCounter.srcs/sources_1/new/reg_file.v" into library xil_defaultlib
INFO: [VRFC 10-311] analyzing module reg_file
INFO: [VRFC 10-2263] Analyzing Verilog file "C:/Project/ProgramCounter/ProgramCounter.srcs/sim_1/new/tb.v" into library xil_defaultlib
INFO: [VRFC 10-311] analyzing module tb
ERROR: [VRFC 10-1280] procedural assignment to a non-register rd_data1 is not permitted, left-hand side should be reg/integer/time/genvar [C:/Project/ProgramCounter/ProgramCounter.srcs/sim_1/new/tb.v:44]
ERROR: [VRFC 10-2865] module 'tb' ignored due to previous errors [C:/Project/ProgramCounter/ProgramCounter.srcs/sim_1/new/tb.v:23]
INFO: [USF-XSim-69] 'compile' step finished in '3' seconds
INFO: [USF-XSim-99] Step results log file:'C:/Project/ProgramCounter/ProgramCounter.sim/sim_1/behav/xsim/xvlog.log'
ERROR: [USF-XSim-62] 'compile' step failed with error(s). Please check the Tcl console output or 'C:/Project/ProgramCounter/ProgramCounter.sim/sim_1/behav/xsim/xvlog.log' file for more information.
ERROR: [Vivado 12-4473] Detected error while running simulation. Please correct the issue and retry this operation.
ERROR: [Common 17-39] 'launch_simulation' failed due to earlier errors.
exit
INFO: [Common 17-206] Exiting Vivado at Tue Dec 20 16:42:37 2022...
